2023-09-30 21:38:32,016.bbq_producer.INFO ==================================================
2023-09-30 21:38:32,041.bbq_producer.INFO Today is 2023-09-30 at 09:38 PM
2023-09-30 21:38:32,166.bbq_producer.INFO Running on: nt Windows 10
2023-09-30 21:38:32,300.bbq_producer.INFO Python version:  3.10.9
2023-09-30 21:38:32,386.bbq_producer.INFO Python path: C:\Users\amaar\anaconda3
2023-09-30 21:38:32,401.bbq_producer.INFO Working dir: C:\Users\amaar\OneDrive\Desktop\NW\Data Streaming\streaming-06-smart-smoker-
2023-09-30 21:38:32,432.bbq_producer.INFO ==================================================
2023-09-30 21:38:37,962.bbq_producer.INFO Seeing if you want to monitor RabbitMQ queues
2023-09-30 21:38:40,052.bbq_producer.INFO Answer is y.
2023-09-30 21:38:50,497.bbq_producer.INFO Skipping header row
2023-09-30 21:38:50,501.bbq_producer.INFO  [x] Sent ('5/22/2021 12:20', '84.2') to 01-smoker
2023-09-30 21:38:50,505.bbq_producer.INFO  [x] Sent ('5/22/2021 12:20', '') to 02-food-A
2023-09-30 21:38:50,508.bbq_producer.INFO  [x] Sent ('5/22/2021 12:20', '') to 02-food-B
2023-09-30 21:39:20,521.bbq_producer.INFO  [x] Sent ('5/22/2021 12:20', '84.2') to 01-smoker
2023-09-30 21:39:20,522.bbq_producer.INFO  [x] Sent ('5/22/2021 12:20', '') to 02-food-A
2023-09-30 21:39:20,523.bbq_producer.INFO  [x] Sent ('5/22/2021 12:20', '') to 02-food-B
2023-09-30 21:39:50,535.bbq_producer.INFO  [x] Sent ('5/22/2021 12:21', '87.6') to 01-smoker
2023-09-30 21:39:50,537.bbq_producer.INFO  [x] Sent ('5/22/2021 12:21', '') to 02-food-A
2023-09-30 21:39:50,540.bbq_producer.INFO  [x] Sent ('5/22/2021 12:21', '') to 02-food-B
2023-09-30 21:40:20,728.bbq_producer.INFO  [x] Sent ('5/22/2021 12:21', '87.6') to 01-smoker
2023-09-30 21:40:20,885.bbq_producer.INFO  [x] Sent ('5/22/2021 12:21', '') to 02-food-A
2023-09-30 21:40:21,024.bbq_producer.INFO  [x] Sent ('5/22/2021 12:21', '') to 02-food-B
2023-09-30 21:40:51,193.bbq_producer.INFO  [x] Sent ('5/22/2021 12:22', '86.3') to 01-smoker
2023-09-30 21:40:51,196.bbq_producer.INFO  [x] Sent ('5/22/2021 12:22', '') to 02-food-A
2023-09-30 21:40:51,202.bbq_producer.INFO  [x] Sent ('5/22/2021 12:22', '') to 02-food-B
2023-09-30 21:41:21,606.bbq_producer.INFO  [x] Sent ('5/22/2021 12:22', '86.3') to 01-smoker
2023-09-30 21:41:21,651.bbq_producer.INFO  [x] Sent ('5/22/2021 12:22', '') to 02-food-A
2023-09-30 21:41:21,693.bbq_producer.INFO  [x] Sent ('5/22/2021 12:22', '') to 02-food-B
2023-09-30 21:41:51,810.bbq_producer.INFO  [x] Sent ('5/22/2021 12:23', '92') to 01-smoker
2023-09-30 21:41:51,852.bbq_producer.INFO  [x] Sent ('5/22/2021 12:23', '') to 02-food-A
2023-09-30 21:41:51,939.bbq_producer.INFO  [x] Sent ('5/22/2021 12:23', '') to 02-food-B
2023-09-30 21:42:22,013.bbq_producer.INFO  [x] Sent ('5/22/2021 12:23', '92') to 01-smoker
2023-09-30 21:42:22,033.bbq_producer.INFO  [x] Sent ('5/22/2021 12:23', '') to 02-food-A
2023-09-30 21:42:22,042.bbq_producer.INFO  [x] Sent ('5/22/2021 12:23', '') to 02-food-B
2023-09-30 21:42:52,170.bbq_producer.INFO  [x] Sent ('5/22/2021 12:24', '96.8') to 01-smoker
2023-09-30 21:42:52,233.bbq_producer.INFO  [x] Sent ('5/22/2021 12:24', '') to 02-food-A
2023-09-30 21:42:52,381.bbq_producer.INFO  [x] Sent ('5/22/2021 12:24', '') to 02-food-B
2023-09-30 21:43:22,593.bbq_producer.INFO  [x] Sent ('5/22/2021 12:24', '96.8') to 01-smoker
2023-09-30 21:43:22,640.bbq_producer.INFO  [x] Sent ('5/22/2021 12:24', '') to 02-food-A
2023-09-30 21:43:22,653.bbq_producer.INFO  [x] Sent ('5/22/2021 12:24', '') to 02-food-B
2023-09-30 21:43:52,874.bbq_producer.INFO  [x] Sent ('5/22/2021 12:25', '100.6') to 01-smoker
2023-09-30 21:43:53,107.bbq_producer.INFO  [x] Sent ('5/22/2021 12:25', '') to 02-food-A
2023-09-30 21:43:53,404.bbq_producer.INFO  [x] Sent ('5/22/2021 12:25', '') to 02-food-B
2023-09-30 21:44:23,709.bbq_producer.INFO  [x] Sent ('5/22/2021 12:25', '100.9') to 01-smoker
2023-09-30 21:44:23,752.bbq_producer.INFO  [x] Sent ('5/22/2021 12:25', '') to 02-food-A
2023-09-30 21:44:23,821.bbq_producer.INFO  [x] Sent ('5/22/2021 12:25', '') to 02-food-B
2023-09-30 21:44:53,962.bbq_producer.INFO  [x] Sent ('5/22/2021 12:25', '100.9') to 01-smoker
2023-09-30 21:44:53,965.bbq_producer.INFO  [x] Sent ('5/22/2021 12:25', '') to 02-food-A
2023-09-30 21:44:53,966.bbq_producer.INFO  [x] Sent ('5/22/2021 12:25', '') to 02-food-B
2023-09-30 21:45:24,004.bbq_producer.INFO  [x] Sent ('5/22/2021 12:26', '104.8') to 01-smoker
2023-09-30 21:45:24,034.bbq_producer.INFO  [x] Sent ('5/22/2021 12:26', '') to 02-food-A
2023-09-30 21:45:24,069.bbq_producer.INFO  [x] Sent ('5/22/2021 12:26', '') to 02-food-B
2023-09-30 21:45:54,182.bbq_producer.INFO  [x] Sent ('5/22/2021 12:26', '104.8') to 01-smoker
2023-09-30 21:45:54,232.bbq_producer.INFO  [x] Sent ('5/22/2021 12:26', '') to 02-food-A
2023-09-30 21:45:54,338.bbq_producer.INFO  [x] Sent ('5/22/2021 12:26', '') to 02-food-B
2023-09-30 21:46:24,397.bbq_producer.INFO  [x] Sent ('5/22/2021 12:27', '108.2') to 01-smoker
2023-09-30 21:46:24,408.bbq_producer.INFO  [x] Sent ('5/22/2021 12:27', '') to 02-food-A
2023-09-30 21:46:24,423.bbq_producer.INFO  [x] Sent ('5/22/2021 12:27', '') to 02-food-B
2023-09-30 21:46:54,479.bbq_producer.INFO  [x] Sent ('5/22/2021 12:27', '108.2') to 01-smoker
2023-09-30 21:46:54,589.bbq_producer.INFO  [x] Sent ('5/22/2021 12:27', '') to 02-food-A
2023-09-30 21:46:54,645.bbq_producer.INFO  [x] Sent ('5/22/2021 12:27', '') to 02-food-B
2023-09-30 21:47:24,771.bbq_producer.INFO  [x] Sent ('5/22/2021 12:28', '111.4') to 01-smoker
2023-09-30 21:47:24,844.bbq_producer.INFO  [x] Sent ('5/22/2021 12:28', '') to 02-food-A
2023-09-30 21:47:24,905.bbq_producer.INFO  [x] Sent ('5/22/2021 12:28', '') to 02-food-B
2023-09-30 21:47:55,014.bbq_producer.INFO  [x] Sent ('5/22/2021 12:28', '111.4') to 01-smoker
2023-09-30 21:47:55,108.bbq_producer.INFO  [x] Sent ('5/22/2021 12:28', '') to 02-food-A
2023-09-30 21:47:55,128.bbq_producer.INFO  [x] Sent ('5/22/2021 12:28', '') to 02-food-B
2023-09-30 21:48:25,201.bbq_producer.INFO  [x] Sent ('5/22/2021 12:29', '114.2') to 01-smoker
2023-09-30 21:48:25,258.bbq_producer.INFO  [x] Sent ('5/22/2021 12:29', '') to 02-food-A
2023-09-30 21:48:25,273.bbq_producer.INFO  [x] Sent ('5/22/2021 12:29', '') to 02-food-B
2023-09-30 21:48:55,954.bbq_producer.INFO  [x] Sent ('5/22/2021 12:29', '114.2') to 01-smoker
2023-09-30 21:48:56,381.bbq_producer.INFO  [x] Sent ('5/22/2021 12:29', '') to 02-food-A
2023-09-30 21:48:56,913.bbq_producer.INFO  [x] Sent ('5/22/2021 12:29', '') to 02-food-B
2023-09-30 21:49:27,201.bbq_producer.INFO  [x] Sent ('5/22/2021 12:30', '116.9') to 01-smoker
2023-09-30 21:49:27,278.bbq_producer.INFO  [x] Sent ('5/22/2021 12:30', '') to 02-food-A
2023-09-30 21:49:27,416.bbq_producer.INFO  [x] Sent ('5/22/2021 12:30', '') to 02-food-B
2023-09-30 21:49:57,478.bbq_producer.INFO  [x] Sent ('5/22/2021 12:30', '116.9') to 01-smoker
2023-09-30 21:49:57,483.bbq_producer.INFO  [x] Sent ('5/22/2021 12:30', '') to 02-food-A
2023-09-30 21:49:57,487.bbq_producer.INFO  [x] Sent ('5/22/2021 12:30', '') to 02-food-B
2023-09-30 21:50:27,521.bbq_producer.INFO  [x] Sent ('5/22/2021 12:31', '119.4') to 01-smoker
2023-09-30 21:50:27,525.bbq_producer.INFO  [x] Sent ('5/22/2021 12:31', '') to 02-food-A
2023-09-30 21:50:27,532.bbq_producer.INFO  [x] Sent ('5/22/2021 12:31', '') to 02-food-B
2023-09-30 21:50:57,580.bbq_producer.INFO  [x] Sent ('5/22/2021 12:31', '119.4') to 01-smoker
2023-09-30 21:50:57,599.bbq_producer.INFO  [x] Sent ('5/22/2021 12:31', '') to 02-food-A
2023-09-30 21:50:57,720.bbq_producer.INFO  [x] Sent ('5/22/2021 12:31', '') to 02-food-B
2023-09-30 21:51:27,807.bbq_producer.INFO  [x] Sent ('5/22/2021 12:32', '120.1') to 01-smoker
2023-09-30 21:51:27,819.bbq_producer.INFO  [x] Sent ('5/22/2021 12:32', '') to 02-food-A
2023-09-30 21:51:27,842.bbq_producer.INFO  [x] Sent ('5/22/2021 12:32', '') to 02-food-B
2023-09-30 21:51:57,878.bbq_producer.INFO  [x] Sent ('5/22/2021 12:32', '120.1') to 01-smoker
2023-09-30 21:51:57,888.bbq_producer.INFO  [x] Sent ('5/22/2021 12:32', '') to 02-food-A
2023-09-30 21:51:57,921.bbq_producer.INFO  [x] Sent ('5/22/2021 12:32', '') to 02-food-B
2023-09-30 21:52:27,998.bbq_producer.INFO  [x] Sent ('5/22/2021 12:33', '106.2') to 01-smoker
2023-09-30 21:52:28,061.bbq_producer.INFO  [x] Sent ('5/22/2021 12:33', '') to 02-food-A
2023-09-30 21:52:28,102.bbq_producer.INFO  [x] Sent ('5/22/2021 12:33', '') to 02-food-B
2023-09-30 21:52:58,173.bbq_producer.INFO  [x] Sent ('5/22/2021 12:33', '106.2') to 01-smoker
2023-09-30 21:52:58,178.bbq_producer.INFO  [x] Sent ('5/22/2021 12:33', '') to 02-food-A
2023-09-30 21:52:58,187.bbq_producer.INFO  [x] Sent ('5/22/2021 12:33', '') to 02-food-B
2023-09-30 21:53:28,275.bbq_producer.INFO  [x] Sent ('5/22/2021 12:34', '103.5') to 01-smoker
2023-09-30 21:53:28,361.bbq_producer.INFO  [x] Sent ('5/22/2021 12:34', '') to 02-food-A
2023-09-30 21:53:28,433.bbq_producer.INFO  [x] Sent ('5/22/2021 12:34', '') to 02-food-B
2023-09-30 21:53:58,506.bbq_producer.INFO  [x] Sent ('5/22/2021 12:34', '103.5') to 01-smoker
2023-09-30 21:53:58,516.bbq_producer.INFO  [x] Sent ('5/22/2021 12:34', '') to 02-food-A
2023-09-30 21:53:58,544.bbq_producer.INFO  [x] Sent ('5/22/2021 12:34', '') to 02-food-B
2023-09-30 21:54:28,666.bbq_producer.INFO  [x] Sent ('5/22/2021 12:35', '105.3') to 01-smoker
2023-09-30 21:54:28,764.bbq_producer.INFO  [x] Sent ('5/22/2021 12:35', '') to 02-food-A
2023-09-30 21:54:28,812.bbq_producer.INFO  [x] Sent ('5/22/2021 12:35', '') to 02-food-B
2023-09-30 21:54:58,868.bbq_producer.INFO  [x] Sent ('5/22/2021 12:35', '105.3') to 01-smoker
2023-09-30 21:54:58,876.bbq_producer.INFO  [x] Sent ('5/22/2021 12:35', '') to 02-food-A
2023-09-30 21:54:58,980.bbq_producer.INFO  [x] Sent ('5/22/2021 12:35', '') to 02-food-B
2023-09-30 21:55:29,233.bbq_producer.INFO  [x] Sent ('5/22/2021 12:36', '106.9') to 01-smoker
2023-09-30 21:55:29,300.bbq_producer.INFO  [x] Sent ('5/22/2021 12:36', '') to 02-food-A
2023-09-30 21:55:29,362.bbq_producer.INFO  [x] Sent ('5/22/2021 12:36', '') to 02-food-B
2023-09-30 21:55:59,631.bbq_producer.INFO  [x] Sent ('5/22/2021 12:36', '106.9') to 01-smoker
2023-09-30 21:56:00,113.bbq_producer.INFO  [x] Sent ('5/22/2021 12:36', '') to 02-food-A
2023-09-30 21:56:00,392.bbq_producer.INFO  [x] Sent ('5/22/2021 12:36', '') to 02-food-B
2023-09-30 21:56:30,774.bbq_producer.INFO  [x] Sent ('5/22/2021 12:37', '111.9') to 01-smoker
2023-09-30 21:56:30,875.bbq_producer.INFO  [x] Sent ('5/22/2021 12:37', '') to 02-food-A
2023-09-30 21:56:30,964.bbq_producer.INFO  [x] Sent ('5/22/2021 12:37', '') to 02-food-B
2023-09-30 21:57:01,196.bbq_producer.INFO  [x] Sent ('5/22/2021 12:37', '111.9') to 01-smoker
2023-09-30 21:57:01,314.bbq_producer.INFO  [x] Sent ('5/22/2021 12:37', '') to 02-food-A
2023-09-30 21:57:01,410.bbq_producer.INFO  [x] Sent ('5/22/2021 12:37', '') to 02-food-B
2023-09-30 21:57:31,678.bbq_producer.INFO  [x] Sent ('5/22/2021 12:38', '114.2') to 01-smoker
2023-09-30 21:57:31,690.bbq_producer.INFO  [x] Sent ('5/22/2021 12:38', '') to 02-food-A
2023-09-30 21:57:31,708.bbq_producer.INFO  [x] Sent ('5/22/2021 12:38', '') to 02-food-B
2023-09-30 21:58:01,749.bbq_producer.INFO  [x] Sent ('5/22/2021 12:38', '114.2') to 01-smoker
2023-09-30 21:58:01,786.bbq_producer.INFO  [x] Sent ('5/22/2021 12:38', '') to 02-food-A
2023-09-30 21:58:01,791.bbq_producer.INFO  [x] Sent ('5/22/2021 12:38', '') to 02-food-B
2023-09-30 21:58:31,822.bbq_producer.INFO  [x] Sent ('5/22/2021 12:39', '115.5') to 01-smoker
2023-09-30 21:58:31,834.bbq_producer.INFO  [x] Sent ('5/22/2021 12:39', '') to 02-food-A
2023-09-30 21:58:31,839.bbq_producer.INFO  [x] Sent ('5/22/2021 12:39', '') to 02-food-B
2023-09-30 21:59:01,942.bbq_producer.INFO  [x] Sent ('5/22/2021 12:39', '115.5') to 01-smoker
2023-09-30 21:59:01,985.bbq_producer.INFO  [x] Sent ('5/22/2021 12:39', '') to 02-food-A
2023-09-30 21:59:02,154.bbq_producer.INFO  [x] Sent ('5/22/2021 12:39', '') to 02-food-B
2023-09-30 21:59:32,330.bbq_producer.INFO  [x] Sent ('5/22/2021 12:40', '112.6') to 01-smoker
2023-09-30 21:59:32,416.bbq_producer.INFO  [x] Sent ('5/22/2021 12:40', '') to 02-food-A
2023-09-30 21:59:32,493.bbq_producer.INFO  [x] Sent ('5/22/2021 12:40', '') to 02-food-B
2023-09-30 22:00:02,759.bbq_producer.INFO  [x] Sent ('5/22/2021 12:40', '112.6') to 01-smoker
2023-09-30 22:00:02,998.bbq_producer.INFO  [x] Sent ('5/22/2021 12:40', '') to 02-food-A
2023-09-30 22:00:03,047.bbq_producer.INFO  [x] Sent ('5/22/2021 12:40', '') to 02-food-B
2023-09-30 22:00:33,177.bbq_producer.INFO  [x] Sent ('5/22/2021 12:41', '118.8') to 01-smoker
2023-09-30 22:00:33,259.bbq_producer.INFO  [x] Sent ('5/22/2021 12:41', '') to 02-food-A
2023-09-30 22:00:33,341.bbq_producer.INFO  [x] Sent ('5/22/2021 12:41', '') to 02-food-B
2023-09-30 22:01:03,524.bbq_producer.INFO  [x] Sent ('5/22/2021 12:41', '118.8') to 01-smoker
2023-09-30 22:01:03,622.bbq_producer.INFO  [x] Sent ('5/22/2021 12:41', '') to 02-food-A
2023-09-30 22:01:03,758.bbq_producer.INFO  [x] Sent ('5/22/2021 12:41', '') to 02-food-B
2023-09-30 22:01:34,003.bbq_producer.INFO  [x] Sent ('5/22/2021 12:42', '113.2') to 01-smoker
2023-09-30 22:01:34,225.bbq_producer.INFO  [x] Sent ('5/22/2021 12:42', '') to 02-food-A
2023-09-30 22:01:34,333.bbq_producer.INFO  [x] Sent ('5/22/2021 12:42', '') to 02-food-B
2023-09-30 22:02:04,555.bbq_producer.INFO  [x] Sent ('5/22/2021 12:42', '113.2') to 01-smoker
2023-09-30 22:02:04,587.bbq_producer.INFO  [x] Sent ('5/22/2021 12:42', '') to 02-food-A
2023-09-30 22:02:04,644.bbq_producer.INFO  [x] Sent ('5/22/2021 12:42', '') to 02-food-B
2023-09-30 22:02:34,796.bbq_producer.INFO  [x] Sent ('5/22/2021 12:43', '126.7') to 01-smoker
2023-09-30 22:02:34,833.bbq_producer.INFO  [x] Sent ('5/22/2021 12:43', '') to 02-food-A
2023-09-30 22:02:34,884.bbq_producer.INFO  [x] Sent ('5/22/2021 12:43', '') to 02-food-B
2023-09-30 22:03:05,052.bbq_producer.INFO  [x] Sent ('5/22/2021 12:43', '126.7') to 01-smoker
2023-09-30 22:03:05,058.bbq_producer.INFO  [x] Sent ('5/22/2021 12:43', '') to 02-food-A
2023-09-30 22:03:05,062.bbq_producer.INFO  [x] Sent ('5/22/2021 12:43', '') to 02-food-B
2023-09-30 22:03:35,074.bbq_producer.INFO  [x] Sent ('5/22/2021 12:44', '130') to 01-smoker
2023-09-30 22:03:35,077.bbq_producer.INFO  [x] Sent ('5/22/2021 12:44', '') to 02-food-A
2023-09-30 22:03:35,079.bbq_producer.INFO  [x] Sent ('5/22/2021 12:44', '') to 02-food-B
2023-09-30 22:04:05,130.bbq_producer.INFO  [x] Sent ('5/22/2021 12:44', '130') to 01-smoker
2023-09-30 22:04:05,144.bbq_producer.INFO  [x] Sent ('5/22/2021 12:44', '') to 02-food-A
2023-09-30 22:04:05,159.bbq_producer.INFO  [x] Sent ('5/22/2021 12:44', '') to 02-food-B
2023-09-30 22:04:35,202.bbq_producer.INFO  [x] Sent ('5/22/2021 12:45', '130') to 01-smoker
2023-09-30 22:04:35,204.bbq_producer.INFO  [x] Sent ('5/22/2021 12:45', '') to 02-food-A
2023-09-30 22:04:35,207.bbq_producer.INFO  [x] Sent ('5/22/2021 12:45', '') to 02-food-B
2023-09-30 22:05:05,279.bbq_producer.INFO  [x] Sent ('5/22/2021 12:45', '130') to 01-smoker
2023-09-30 22:05:05,345.bbq_producer.INFO  [x] Sent ('5/22/2021 12:45', '') to 02-food-A
2023-09-30 22:05:05,369.bbq_producer.INFO  [x] Sent ('5/22/2021 12:45', '') to 02-food-B
2023-09-30 22:05:35,430.bbq_producer.INFO  [x] Sent ('5/22/2021 12:46', '137.3') to 01-smoker
2023-09-30 22:05:35,432.bbq_producer.INFO  [x] Sent ('5/22/2021 12:46', '') to 02-food-A
2023-09-30 22:05:35,434.bbq_producer.INFO  [x] Sent ('5/22/2021 12:46', '') to 02-food-B
2023-09-30 22:06:05,448.bbq_producer.INFO  [x] Sent ('5/22/2021 12:46', '137.3') to 01-smoker
2023-09-30 22:06:05,453.bbq_producer.INFO  [x] Sent ('5/22/2021 12:46', '') to 02-food-A
2023-09-30 22:06:05,467.bbq_producer.INFO  [x] Sent ('5/22/2021 12:46', '') to 02-food-B
2023-09-30 22:06:35,480.bbq_producer.INFO  [x] Sent ('5/22/2021 12:47', '139.5') to 01-smoker
2023-09-30 22:06:35,485.bbq_producer.INFO  [x] Sent ('5/22/2021 12:47', '') to 02-food-A
2023-09-30 22:06:35,489.bbq_producer.INFO  [x] Sent ('5/22/2021 12:47', '') to 02-food-B
2023-09-30 22:07:05,529.bbq_producer.INFO  [x] Sent ('5/22/2021 12:47', '139.5') to 01-smoker
2023-09-30 22:07:05,562.bbq_producer.INFO  [x] Sent ('5/22/2021 12:47', '') to 02-food-A
2023-09-30 22:07:05,582.bbq_producer.INFO  [x] Sent ('5/22/2021 12:47', '') to 02-food-B
2023-09-30 22:07:35,731.bbq_producer.INFO  [x] Sent ('5/22/2021 12:48', '141.8') to 01-smoker
2023-09-30 22:07:35,827.bbq_producer.INFO  [x] Sent ('5/22/2021 12:48', '') to 02-food-A
2023-09-30 22:07:35,931.bbq_producer.INFO  [x] Sent ('5/22/2021 12:48', '') to 02-food-B
2023-09-30 22:08:06,107.bbq_producer.INFO  [x] Sent ('5/22/2021 12:48', '141.8') to 01-smoker
2023-09-30 22:08:06,157.bbq_producer.INFO  [x] Sent ('5/22/2021 12:48', '') to 02-food-A
2023-09-30 22:08:06,168.bbq_producer.INFO  [x] Sent ('5/22/2021 12:48', '') to 02-food-B
2023-09-30 22:08:36,306.bbq_producer.INFO  [x] Sent ('5/22/2021 12:49', '143.6') to 01-smoker
2023-09-30 22:08:36,359.bbq_producer.INFO  [x] Sent ('5/22/2021 12:49', '') to 02-food-A
2023-09-30 22:08:36,459.bbq_producer.INFO  [x] Sent ('5/22/2021 12:49', '') to 02-food-B
2023-09-30 22:09:06,696.bbq_producer.INFO  [x] Sent ('5/22/2021 12:49', '143.6') to 01-smoker
2023-09-30 22:09:06,784.bbq_producer.INFO  [x] Sent ('5/22/2021 12:49', '') to 02-food-A
2023-09-30 22:09:06,937.bbq_producer.INFO  [x] Sent ('5/22/2021 12:49', '') to 02-food-B
2023-09-30 22:09:37,062.bbq_producer.INFO  [x] Sent ('5/22/2021 12:50', '145') to 01-smoker
2023-09-30 22:09:37,074.bbq_producer.INFO  [x] Sent ('5/22/2021 12:50', '') to 02-food-A
2023-09-30 22:09:37,083.bbq_producer.INFO  [x] Sent ('5/22/2021 12:50', '') to 02-food-B
2023-09-30 22:10:07,121.bbq_producer.INFO  [x] Sent ('5/22/2021 12:50', '145') to 01-smoker
2023-09-30 22:10:07,130.bbq_producer.INFO  [x] Sent ('5/22/2021 12:50', '') to 02-food-A
2023-09-30 22:10:07,140.bbq_producer.INFO  [x] Sent ('5/22/2021 12:50', '') to 02-food-B
2023-09-30 22:10:37,224.bbq_producer.INFO  [x] Sent ('5/22/2021 12:51', '146.2') to 01-smoker
2023-09-30 22:10:37,314.bbq_producer.INFO  [x] Sent ('5/22/2021 12:51', '') to 02-food-A
2023-09-30 22:10:37,374.bbq_producer.INFO  [x] Sent ('5/22/2021 12:51', '') to 02-food-B
2023-09-30 22:11:07,771.bbq_producer.INFO  [x] Sent ('5/22/2021 12:51', '146.2') to 01-smoker
2023-09-30 22:11:07,903.bbq_producer.INFO  [x] Sent ('5/22/2021 12:51', '') to 02-food-A
2023-09-30 22:11:07,976.bbq_producer.INFO  [x] Sent ('5/22/2021 12:51', '') to 02-food-B
2023-09-30 22:11:38,173.bbq_producer.INFO  [x] Sent ('5/22/2021 12:52', '147.5') to 01-smoker
2023-09-30 22:11:38,174.bbq_producer.INFO  [x] Sent ('5/22/2021 12:52', '') to 02-food-A
2023-09-30 22:11:38,176.bbq_producer.INFO  [x] Sent ('5/22/2021 12:52', '') to 02-food-B
2023-09-30 22:12:08,234.bbq_producer.INFO  [x] Sent ('5/22/2021 12:52', '147.5') to 01-smoker
2023-09-30 22:12:08,237.bbq_producer.INFO  [x] Sent ('5/22/2021 12:52', '') to 02-food-A
2023-09-30 22:12:08,238.bbq_producer.INFO  [x] Sent ('5/22/2021 12:52', '') to 02-food-B
2023-09-30 22:12:38,301.bbq_producer.INFO  [x] Sent ('5/22/2021 12:53', '148.7') to 01-smoker
2023-09-30 22:12:38,342.bbq_producer.INFO  [x] Sent ('5/22/2021 12:53', '') to 02-food-A
2023-09-30 22:12:38,453.bbq_producer.INFO  [x] Sent ('5/22/2021 12:53', '') to 02-food-B
2023-09-30 22:13:08,512.bbq_producer.INFO  [x] Sent ('5/22/2021 12:53', '148.7') to 01-smoker
2023-09-30 22:13:08,629.bbq_producer.INFO  [x] Sent ('5/22/2021 12:53', '') to 02-food-A
2023-09-30 22:13:08,712.bbq_producer.INFO  [x] Sent ('5/22/2021 12:53', '') to 02-food-B
2023-09-30 22:13:38,813.bbq_producer.INFO  [x] Sent ('5/22/2021 12:54', '149.9') to 01-smoker
2023-09-30 22:13:38,819.bbq_producer.INFO  [x] Sent ('5/22/2021 12:54', '') to 02-food-A
2023-09-30 22:13:38,831.bbq_producer.INFO  [x] Sent ('5/22/2021 12:54', '') to 02-food-B
2023-09-30 22:14:08,865.bbq_producer.INFO  [x] Sent ('5/22/2021 12:54', '149.9') to 01-smoker
2023-09-30 22:14:08,896.bbq_producer.INFO  [x] Sent ('5/22/2021 12:54', '') to 02-food-A
2023-09-30 22:14:08,928.bbq_producer.INFO  [x] Sent ('5/22/2021 12:54', '') to 02-food-B
2023-09-30 22:14:39,016.bbq_producer.INFO  [x] Sent ('5/22/2021 12:55', '151.1') to 01-smoker
2023-09-30 22:14:39,020.bbq_producer.INFO  [x] Sent ('5/22/2021 12:55', '') to 02-food-A
2023-09-30 22:14:39,022.bbq_producer.INFO  [x] Sent ('5/22/2021 12:55', '') to 02-food-B
2023-09-30 22:15:09,038.bbq_producer.INFO  [x] Sent ('5/22/2021 12:55', '151.2') to 01-smoker
2023-09-30 22:15:09,042.bbq_producer.INFO  [x] Sent ('5/22/2021 12:55', '') to 02-food-A
2023-09-30 22:15:09,045.bbq_producer.INFO  [x] Sent ('5/22/2021 12:55', '') to 02-food-B
2023-09-30 22:15:39,096.bbq_producer.INFO  [x] Sent ('5/22/2021 12:55', '151.2') to 01-smoker
2023-09-30 22:15:39,213.bbq_producer.INFO  [x] Sent ('5/22/2021 12:55', '') to 02-food-A
2023-09-30 22:15:39,267.bbq_producer.INFO  [x] Sent ('5/22/2021 12:55', '') to 02-food-B
2023-09-30 22:16:09,416.bbq_producer.INFO  [x] Sent ('5/22/2021 12:56', '152.4') to 01-smoker
2023-09-30 22:16:09,469.bbq_producer.INFO  [x] Sent ('5/22/2021 12:56', '') to 02-food-A
2023-09-30 22:16:09,535.bbq_producer.INFO  [x] Sent ('5/22/2021 12:56', '') to 02-food-B
2023-09-30 22:16:39,598.bbq_producer.INFO  [x] Sent ('5/22/2021 12:56', '152.4') to 01-smoker
2023-09-30 22:16:39,636.bbq_producer.INFO  [x] Sent ('5/22/2021 12:56', '') to 02-food-A
2023-09-30 22:16:39,655.bbq_producer.INFO  [x] Sent ('5/22/2021 12:56', '') to 02-food-B
2023-10-01 10:13:49,769.bbq_producer.INFO  [x] Sent ('5/22/2021 12:57', '153.4') to 01-smoker
2023-10-01 10:13:50,312.bbq_producer.INFO  [x] Sent ('5/22/2021 12:57', '') to 02-food-A
2023-10-01 10:13:50,426.bbq_producer.INFO  [x] Sent ('5/22/2021 12:57', '') to 02-food-B
2023-10-01 10:14:20,620.bbq_producer.INFO  [x] Sent ('5/22/2021 12:57', '153.4') to 01-smoker
2023-10-01 10:14:20,915.bbq_producer.INFO  [x] Sent ('5/22/2021 12:57', '') to 02-food-A
2023-10-01 10:14:21,033.bbq_producer.INFO  [x] Sent ('5/22/2021 12:57', '') to 02-food-B
2023-10-01 10:14:51,251.bbq_producer.INFO  [x] Sent ('5/22/2021 12:58', '154.5') to 01-smoker
2023-10-01 10:14:51,253.bbq_producer.INFO  [x] Sent ('5/22/2021 12:58', '') to 02-food-A
2023-10-01 10:14:51,254.bbq_producer.INFO  [x] Sent ('5/22/2021 12:58', '') to 02-food-B
2023-10-01 10:15:21,277.bbq_producer.INFO  [x] Sent ('5/22/2021 12:58', '154.5') to 01-smoker
2023-10-01 10:15:21,314.bbq_producer.INFO  [x] Sent ('5/22/2021 12:58', '') to 02-food-A
2023-10-01 10:15:21,376.bbq_producer.INFO  [x] Sent ('5/22/2021 12:58', '') to 02-food-B
2023-10-01 10:15:51,594.bbq_producer.INFO  [x] Sent ('5/22/2021 12:59', '155.6') to 01-smoker
2023-10-01 10:15:51,704.bbq_producer.INFO  [x] Sent ('5/22/2021 12:59', '') to 02-food-A
2023-10-01 10:15:51,839.bbq_producer.INFO  [x] Sent ('5/22/2021 12:59', '') to 02-food-B
2023-10-01 10:16:21,930.bbq_producer.INFO  [x] Sent ('5/22/2021 12:59', '155.6') to 01-smoker
2023-10-01 10:16:21,970.bbq_producer.INFO  [x] Sent ('5/22/2021 12:59', '') to 02-food-A
2023-10-01 10:16:21,987.bbq_producer.INFO  [x] Sent ('5/22/2021 12:59', '') to 02-food-B
2023-10-01 10:16:52,043.bbq_producer.INFO  [x] Sent ('5/22/2021 13:00', '156.5') to 01-smoker
2023-10-01 10:16:52,053.bbq_producer.INFO  [x] Sent ('5/22/2021 13:00', '') to 02-food-A
2023-10-01 10:16:52,082.bbq_producer.INFO  [x] Sent ('5/22/2021 13:00', '') to 02-food-B
2023-10-01 10:17:22,165.bbq_producer.INFO  [x] Sent ('5/22/2021 13:00', '156.5') to 01-smoker
2023-10-01 10:17:22,285.bbq_producer.INFO  [x] Sent ('5/22/2021 13:00', '') to 02-food-A
2023-10-01 10:17:22,333.bbq_producer.INFO  [x] Sent ('5/22/2021 13:00', '') to 02-food-B
2023-10-01 10:17:52,501.bbq_producer.INFO  [x] Sent ('5/22/2021 13:01', '157.8') to 01-smoker
2023-10-01 10:17:52,569.bbq_producer.INFO  [x] Sent ('5/22/2021 13:01', '') to 02-food-A
2023-10-01 10:17:52,574.bbq_producer.INFO  [x] Sent ('5/22/2021 13:01', '') to 02-food-B
2023-10-01 10:18:22,591.bbq_producer.INFO  [x] Sent ('5/22/2021 13:01', '157.8') to 01-smoker
2023-10-01 10:18:22,592.bbq_producer.INFO  [x] Sent ('5/22/2021 13:01', '') to 02-food-A
2023-10-01 10:18:22,594.bbq_producer.INFO  [x] Sent ('5/22/2021 13:01', '') to 02-food-B
2023-10-01 10:18:52,621.bbq_producer.INFO  [x] Sent ('5/22/2021 13:02', '158.8') to 01-smoker
2023-10-01 10:18:52,628.bbq_producer.INFO  [x] Sent ('5/22/2021 13:02', '') to 02-food-A
2023-10-01 10:18:52,632.bbq_producer.INFO  [x] Sent ('5/22/2021 13:02', '') to 02-food-B
2023-10-01 10:19:22,648.bbq_producer.INFO  [x] Sent ('5/22/2021 13:02', '158.8') to 01-smoker
2023-10-01 10:19:22,649.bbq_producer.INFO  [x] Sent ('5/22/2021 13:02', '') to 02-food-A
2023-10-01 10:19:22,652.bbq_producer.INFO  [x] Sent ('5/22/2021 13:02', '') to 02-food-B
2023-10-01 10:19:52,656.bbq_producer.INFO  [x] Sent ('5/22/2021 13:03', '159.9') to 01-smoker
2023-10-01 10:19:52,659.bbq_producer.INFO  [x] Sent ('5/22/2021 13:03', '') to 02-food-A
2023-10-01 10:19:52,662.bbq_producer.INFO  [x] Sent ('5/22/2021 13:03', '') to 02-food-B
2023-10-01 10:20:22,672.bbq_producer.INFO  [x] Sent ('5/22/2021 13:03', '159.9') to 01-smoker
2023-10-01 10:20:22,683.bbq_producer.INFO  [x] Sent ('5/22/2021 13:03', '') to 02-food-A
2023-10-01 10:20:22,695.bbq_producer.INFO  [x] Sent ('5/22/2021 13:03', '') to 02-food-B
2023-10-01 10:20:52,718.bbq_producer.INFO  [x] Sent ('5/22/2021 13:04', '160.7') to 01-smoker
2023-10-01 10:20:52,721.bbq_producer.INFO  [x] Sent ('5/22/2021 13:04', '') to 02-food-A
2023-10-01 10:20:52,730.bbq_producer.INFO  [x] Sent ('5/22/2021 13:04', '') to 02-food-B
2023-10-01 10:21:22,740.bbq_producer.INFO  [x] Sent ('5/22/2021 13:04', '160.7') to 01-smoker
2023-10-01 10:21:22,752.bbq_producer.INFO  [x] Sent ('5/22/2021 13:04', '') to 02-food-A
2023-10-01 10:21:22,780.bbq_producer.INFO  [x] Sent ('5/22/2021 13:04', '') to 02-food-B
2023-10-01 10:21:52,827.bbq_producer.INFO  [x] Sent ('5/22/2021 13:05', '161.9') to 01-smoker
2023-10-01 10:21:52,933.bbq_producer.INFO  [x] Sent ('5/22/2021 13:05', '') to 02-food-A
2023-10-01 10:21:53,096.bbq_producer.INFO  [x] Sent ('5/22/2021 13:05', '') to 02-food-B
2023-10-01 10:22:23,289.bbq_producer.INFO  [x] Sent ('5/22/2021 13:05', '161.9') to 01-smoker
2023-10-01 10:22:23,326.bbq_producer.INFO  [x] Sent ('5/22/2021 13:05', '') to 02-food-A
2023-10-01 10:22:23,364.bbq_producer.INFO  [x] Sent ('5/22/2021 13:05', '') to 02-food-B
2023-10-01 10:22:53,497.bbq_producer.INFO  [x] Sent ('5/22/2021 13:06', '163.1') to 01-smoker
2023-10-01 10:22:53,540.bbq_producer.INFO  [x] Sent ('5/22/2021 13:06', '') to 02-food-A
2023-10-01 10:22:53,543.bbq_producer.INFO  [x] Sent ('5/22/2021 13:06', '') to 02-food-B
2023-10-01 10:23:23,547.bbq_producer.INFO  [x] Sent ('5/22/2021 13:06', '163.1') to 01-smoker
2023-10-01 10:23:23,550.bbq_producer.INFO  [x] Sent ('5/22/2021 13:06', '') to 02-food-A
2023-10-01 10:23:23,553.bbq_producer.INFO  [x] Sent ('5/22/2021 13:06', '') to 02-food-B
2023-10-01 10:23:53,563.bbq_producer.INFO  [x] Sent ('5/22/2021 13:07', '164.3') to 01-smoker
2023-10-01 10:23:53,565.bbq_producer.INFO  [x] Sent ('5/22/2021 13:07', '') to 02-food-A
2023-10-01 10:23:53,567.bbq_producer.INFO  [x] Sent ('5/22/2021 13:07', '') to 02-food-B
2023-10-01 10:24:23,615.bbq_producer.INFO  [x] Sent ('5/22/2021 13:07', '164.3') to 01-smoker
2023-10-01 10:24:23,666.bbq_producer.INFO  [x] Sent ('5/22/2021 13:07', '') to 02-food-A
2023-10-01 10:24:23,736.bbq_producer.INFO  [x] Sent ('5/22/2021 13:07', '') to 02-food-B
2023-10-01 10:24:53,838.bbq_producer.INFO  [x] Sent ('5/22/2021 13:08', '165.6') to 01-smoker
2023-10-01 10:24:53,895.bbq_producer.INFO  [x] Sent ('5/22/2021 13:08', '') to 02-food-A
2023-10-01 10:24:53,929.bbq_producer.INFO  [x] Sent ('5/22/2021 13:08', '') to 02-food-B
2023-10-01 10:25:24,020.bbq_producer.INFO  [x] Sent ('5/22/2021 13:08', '165.6') to 01-smoker
2023-10-01 10:25:24,064.bbq_producer.INFO  [x] Sent ('5/22/2021 13:08', '') to 02-food-A
2023-10-01 10:25:24,070.bbq_producer.INFO  [x] Sent ('5/22/2021 13:08', '') to 02-food-B
2023-10-01 10:25:54,114.bbq_producer.INFO  [x] Sent ('5/22/2021 13:09', '166.7') to 01-smoker
2023-10-01 10:25:54,115.bbq_producer.INFO  [x] Sent ('5/22/2021 13:09', '') to 02-food-A
2023-10-01 10:25:54,118.bbq_producer.INFO  [x] Sent ('5/22/2021 13:09', '') to 02-food-B
2023-10-01 10:26:24,135.bbq_producer.INFO  [x] Sent ('5/22/2021 13:09', '166.7') to 01-smoker
2023-10-01 10:26:24,137.bbq_producer.INFO  [x] Sent ('5/22/2021 13:09', '') to 02-food-A
2023-10-01 10:26:24,138.bbq_producer.INFO  [x] Sent ('5/22/2021 13:09', '') to 02-food-B
2023-10-01 10:26:54,161.bbq_producer.INFO  [x] Sent ('5/22/2021 13:10', '167.8') to 01-smoker
2023-10-01 10:26:54,175.bbq_producer.INFO  [x] Sent ('5/22/2021 13:10', '') to 02-food-A
2023-10-01 10:26:54,191.bbq_producer.INFO  [x] Sent ('5/22/2021 13:10', '') to 02-food-B
2023-10-01 10:27:24,258.bbq_producer.INFO  [x] Sent ('5/22/2021 13:10', '167.8') to 01-smoker
2023-10-01 10:27:24,260.bbq_producer.INFO  [x] Sent ('5/22/2021 13:10', '') to 02-food-A
2023-10-01 10:27:24,263.bbq_producer.INFO  [x] Sent ('5/22/2021 13:10', '') to 02-food-B
2023-10-01 10:27:54,286.bbq_producer.INFO  [x] Sent ('5/22/2021 13:11', '168.8') to 01-smoker
2023-10-01 10:27:54,292.bbq_producer.INFO  [x] Sent ('5/22/2021 13:11', '') to 02-food-A
2023-10-01 10:27:54,295.bbq_producer.INFO  [x] Sent ('5/22/2021 13:11', '') to 02-food-B
2023-10-01 10:28:24,360.bbq_producer.INFO  [x] Sent ('5/22/2021 13:11', '168.8') to 01-smoker
2023-10-01 10:28:24,435.bbq_producer.INFO  [x] Sent ('5/22/2021 13:11', '') to 02-food-A
2023-10-01 10:28:24,531.bbq_producer.INFO  [x] Sent ('5/22/2021 13:11', '') to 02-food-B
2023-10-01 10:28:54,652.bbq_producer.INFO  [x] Sent ('5/22/2021 13:12', '170.2') to 01-smoker
2023-10-01 10:28:54,654.bbq_producer.INFO  [x] Sent ('5/22/2021 13:12', '') to 02-food-A
2023-10-01 10:28:54,698.bbq_producer.INFO  [x] Sent ('5/22/2021 13:12', '') to 02-food-B
2023-10-01 10:29:24,802.bbq_producer.INFO  [x] Sent ('5/22/2021 13:12', '170.2') to 01-smoker
2023-10-01 10:29:24,829.bbq_producer.INFO  [x] Sent ('5/22/2021 13:12', '') to 02-food-A
2023-10-01 10:29:24,955.bbq_producer.INFO  [x] Sent ('5/22/2021 13:12', '') to 02-food-B
2023-10-01 10:29:54,998.bbq_producer.INFO  [x] Sent ('5/22/2021 13:13', '171.7') to 01-smoker
2023-10-01 10:29:55,007.bbq_producer.INFO  [x] Sent ('5/22/2021 13:13', '') to 02-food-A
2023-10-01 10:29:55,010.bbq_producer.INFO  [x] Sent ('5/22/2021 13:13', '') to 02-food-B
2023-10-01 10:30:25,120.bbq_producer.INFO  [x] Sent ('5/22/2021 13:13', '171.7') to 01-smoker
2023-10-01 10:30:25,168.bbq_producer.INFO  [x] Sent ('5/22/2021 13:13', '') to 02-food-A
2023-10-01 10:30:25,222.bbq_producer.INFO  [x] Sent ('5/22/2021 13:13', '') to 02-food-B
2023-10-01 10:30:55,333.bbq_producer.INFO  [x] Sent ('5/22/2021 13:14', '173.3') to 01-smoker
2023-10-01 10:30:55,345.bbq_producer.INFO  [x] Sent ('5/22/2021 13:14', '') to 02-food-A
2023-10-01 10:30:55,361.bbq_producer.INFO  [x] Sent ('5/22/2021 13:14', '') to 02-food-B
2023-10-01 10:31:25,396.bbq_producer.INFO  [x] Sent ('5/22/2021 13:14', '173.3') to 01-smoker
2023-10-01 10:31:25,397.bbq_producer.INFO  [x] Sent ('5/22/2021 13:14', '') to 02-food-A
2023-10-01 10:31:25,399.bbq_producer.INFO  [x] Sent ('5/22/2021 13:14', '') to 02-food-B
2023-10-01 10:31:55,429.bbq_producer.INFO  [x] Sent ('5/22/2021 13:15', '174.6') to 01-smoker
2023-10-01 10:31:55,450.bbq_producer.INFO  [x] Sent ('5/22/2021 13:15', '') to 02-food-A
2023-10-01 10:31:55,496.bbq_producer.INFO  [x] Sent ('5/22/2021 13:15', '') to 02-food-B
2023-10-01 10:32:25,772.bbq_producer.INFO  [x] Sent ('5/22/2021 13:15', '174.6') to 01-smoker
2023-10-01 10:32:25,884.bbq_producer.INFO  [x] Sent ('5/22/2021 13:15', '') to 02-food-A
2023-10-01 10:32:25,955.bbq_producer.INFO  [x] Sent ('5/22/2021 13:15', '') to 02-food-B
2023-10-01 10:32:56,109.bbq_producer.INFO  [x] Sent ('5/22/2021 13:16', '175.5') to 01-smoker
2023-10-01 10:32:56,110.bbq_producer.INFO  [x] Sent ('5/22/2021 13:16', '') to 02-food-A
2023-10-01 10:32:56,111.bbq_producer.INFO  [x] Sent ('5/22/2021 13:16', '') to 02-food-B
2023-10-01 10:33:26,277.bbq_producer.INFO  [x] Sent ('5/22/2021 13:16', '175.5') to 01-smoker
2023-10-01 10:33:26,285.bbq_producer.INFO  [x] Sent ('5/22/2021 13:16', '') to 02-food-A
2023-10-01 10:33:26,290.bbq_producer.INFO  [x] Sent ('5/22/2021 13:16', '') to 02-food-B
2023-10-01 10:33:56,353.bbq_producer.INFO  [x] Sent ('5/22/2021 13:17', '176.8') to 01-smoker
2023-10-01 10:33:56,355.bbq_producer.INFO  [x] Sent ('5/22/2021 13:17', '') to 02-food-A
2023-10-01 10:33:56,356.bbq_producer.INFO  [x] Sent ('5/22/2021 13:17', '') to 02-food-B
2023-10-01 10:34:26,371.bbq_producer.INFO  [x] Sent ('5/22/2021 13:17', '176.8') to 01-smoker
2023-10-01 10:34:26,373.bbq_producer.INFO  [x] Sent ('5/22/2021 13:17', '') to 02-food-A
2023-10-01 10:34:26,375.bbq_producer.INFO  [x] Sent ('5/22/2021 13:17', '') to 02-food-B
2023-10-01 10:34:56,397.bbq_producer.INFO  [x] Sent ('5/22/2021 13:18', '177.8') to 01-smoker
2023-10-01 10:34:56,403.bbq_producer.INFO  [x] Sent ('5/22/2021 13:18', '') to 02-food-A
2023-10-01 10:34:56,418.bbq_producer.INFO  [x] Sent ('5/22/2021 13:18', '') to 02-food-B
2023-10-01 10:35:26,456.bbq_producer.INFO  [x] Sent ('5/22/2021 13:18', '177.8') to 01-smoker
2023-10-01 10:35:26,470.bbq_producer.INFO  [x] Sent ('5/22/2021 13:18', '') to 02-food-A
2023-10-01 10:35:26,483.bbq_producer.INFO  [x] Sent ('5/22/2021 13:18', '') to 02-food-B
2023-10-01 10:35:56,561.bbq_producer.INFO  [x] Sent ('5/22/2021 13:19', '178.9') to 01-smoker
2023-10-01 10:35:56,565.bbq_producer.INFO  [x] Sent ('5/22/2021 13:19', '') to 02-food-A
2023-10-01 10:35:56,566.bbq_producer.INFO  [x] Sent ('5/22/2021 13:19', '') to 02-food-B
2023-10-01 10:36:26,585.bbq_producer.INFO  [x] Sent ('5/22/2021 13:19', '178.9') to 01-smoker
2023-10-01 10:36:26,607.bbq_producer.INFO  [x] Sent ('5/22/2021 13:19', '') to 02-food-A
2023-10-01 10:36:26,631.bbq_producer.INFO  [x] Sent ('5/22/2021 13:19', '') to 02-food-B
2023-10-01 10:36:56,684.bbq_producer.INFO  [x] Sent ('5/22/2021 13:20', '180.3') to 01-smoker
2023-10-01 10:36:56,726.bbq_producer.INFO  [x] Sent ('5/22/2021 13:20', '') to 02-food-A
2023-10-01 10:36:56,787.bbq_producer.INFO  [x] Sent ('5/22/2021 13:20', '') to 02-food-B
2023-10-01 10:37:26,986.bbq_producer.INFO  [x] Sent ('5/22/2021 13:20', '180.3') to 01-smoker
2023-10-01 10:37:27,110.bbq_producer.INFO  [x] Sent ('5/22/2021 13:20', '') to 02-food-A
2023-10-01 10:37:27,185.bbq_producer.INFO  [x] Sent ('5/22/2021 13:20', '') to 02-food-B
2023-10-01 10:37:57,204.bbq_producer.INFO  [x] Sent ('5/22/2021 13:21', '181.4') to 01-smoker
2023-10-01 10:37:57,206.bbq_producer.INFO  [x] Sent ('5/22/2021 13:21', '') to 02-food-A
2023-10-01 10:37:57,208.bbq_producer.INFO  [x] Sent ('5/22/2021 13:21', '') to 02-food-B
2023-10-01 10:38:27,231.bbq_producer.INFO  [x] Sent ('5/22/2021 13:21', '181.4') to 01-smoker
2023-10-01 10:38:27,234.bbq_producer.INFO  [x] Sent ('5/22/2021 13:21', '') to 02-food-A
2023-10-01 10:38:27,237.bbq_producer.INFO  [x] Sent ('5/22/2021 13:21', '') to 02-food-B
2023-10-01 10:38:57,278.bbq_producer.INFO  [x] Sent ('5/22/2021 13:22', '182.6') to 01-smoker
2023-10-01 10:38:57,286.bbq_producer.INFO  [x] Sent ('5/22/2021 13:22', '') to 02-food-A
2023-10-01 10:38:57,290.bbq_producer.INFO  [x] Sent ('5/22/2021 13:22', '') to 02-food-B
2023-10-01 10:39:27,297.bbq_producer.INFO  [x] Sent ('5/22/2021 13:22', '182.6') to 01-smoker
2023-10-01 10:39:27,298.bbq_producer.INFO  [x] Sent ('5/22/2021 13:22', '') to 02-food-A
2023-10-01 10:39:27,299.bbq_producer.INFO  [x] Sent ('5/22/2021 13:22', '') to 02-food-B
2023-10-01 10:39:57,308.bbq_producer.INFO  [x] Sent ('5/22/2021 13:23', '183.9') to 01-smoker
2023-10-01 10:39:57,310.bbq_producer.INFO  [x] Sent ('5/22/2021 13:23', '') to 02-food-A
2023-10-01 10:39:57,313.bbq_producer.INFO  [x] Sent ('5/22/2021 13:23', '') to 02-food-B
2023-10-01 10:40:27,338.bbq_producer.INFO  [x] Sent ('5/22/2021 13:23', '183.9') to 01-smoker
2023-10-01 10:40:27,379.bbq_producer.INFO  [x] Sent ('5/22/2021 13:23', '') to 02-food-A
2023-10-01 10:40:27,435.bbq_producer.INFO  [x] Sent ('5/22/2021 13:23', '') to 02-food-B
2023-10-01 10:40:57,500.bbq_producer.INFO  [x] Sent ('5/22/2021 13:24', '184.8') to 01-smoker
2023-10-01 10:40:57,502.bbq_producer.INFO  [x] Sent ('5/22/2021 13:24', '') to 02-food-A
2023-10-01 10:40:57,504.bbq_producer.INFO  [x] Sent ('5/22/2021 13:24', '') to 02-food-B
2023-10-01 10:41:27,556.bbq_producer.INFO  [x] Sent ('5/22/2021 13:24', '184.8') to 01-smoker
2023-10-01 10:41:27,607.bbq_producer.INFO  [x] Sent ('5/22/2021 13:24', '') to 02-food-A
2023-10-01 10:41:27,677.bbq_producer.INFO  [x] Sent ('5/22/2021 13:24', '') to 02-food-B
2023-10-01 10:41:57,829.bbq_producer.INFO  [x] Sent ('5/22/2021 13:25', '186') to 01-smoker
2023-10-01 10:41:57,833.bbq_producer.INFO  [x] Sent ('5/22/2021 13:25', '') to 02-food-A
2023-10-01 10:41:57,840.bbq_producer.INFO  [x] Sent ('5/22/2021 13:25', '') to 02-food-B
2023-10-01 10:42:27,893.bbq_producer.INFO  [x] Sent ('5/22/2021 13:25', '186') to 01-smoker
2023-10-01 10:42:27,934.bbq_producer.INFO  [x] Sent ('5/22/2021 13:25', '') to 02-food-A
2023-10-01 10:42:27,957.bbq_producer.INFO  [x] Sent ('5/22/2021 13:25', '') to 02-food-B
2023-10-01 10:42:57,984.bbq_producer.INFO  [x] Sent ('5/22/2021 13:26', '187.1') to 01-smoker
2023-10-01 10:42:57,989.bbq_producer.INFO  [x] Sent ('5/22/2021 13:26', '') to 02-food-A
2023-10-01 10:42:58,001.bbq_producer.INFO  [x] Sent ('5/22/2021 13:26', '') to 02-food-B
2023-10-01 10:43:28,048.bbq_producer.INFO  [x] Sent ('5/22/2021 13:26', '187.1') to 01-smoker
2023-10-01 10:43:28,075.bbq_producer.INFO  [x] Sent ('5/22/2021 13:26', '') to 02-food-A
2023-10-01 10:43:28,092.bbq_producer.INFO  [x] Sent ('5/22/2021 13:26', '') to 02-food-B
2023-10-01 10:43:58,134.bbq_producer.INFO  [x] Sent ('5/22/2021 13:27', '211.9') to 01-smoker
2023-10-01 10:43:58,136.bbq_producer.INFO  [x] Sent ('5/22/2021 13:27', '') to 02-food-A
2023-10-01 10:43:58,142.bbq_producer.INFO  [x] Sent ('5/22/2021 13:27', '') to 02-food-B
2023-10-01 10:44:28,156.bbq_producer.INFO  [x] Sent ('5/22/2021 13:27', '211.9') to 01-smoker
2023-10-01 10:44:28,157.bbq_producer.INFO  [x] Sent ('5/22/2021 13:27', '') to 02-food-A
2023-10-01 10:44:28,158.bbq_producer.INFO  [x] Sent ('5/22/2021 13:27', '') to 02-food-B
2023-10-01 10:44:58,172.bbq_producer.INFO  [x] Sent ('5/22/2021 13:28', '215.3') to 01-smoker
2023-10-01 10:44:58,174.bbq_producer.INFO  [x] Sent ('5/22/2021 13:28', '') to 02-food-A
2023-10-01 10:44:58,175.bbq_producer.INFO  [x] Sent ('5/22/2021 13:28', '') to 02-food-B
2023-10-01 10:45:28,179.bbq_producer.INFO  [x] Sent ('5/22/2021 13:28', '215.3') to 01-smoker
2023-10-01 10:45:28,182.bbq_producer.INFO  [x] Sent ('5/22/2021 13:28', '') to 02-food-A
2023-10-01 10:45:28,184.bbq_producer.INFO  [x] Sent ('5/22/2021 13:28', '') to 02-food-B
2023-10-01 10:45:58,224.bbq_producer.INFO  [x] Sent ('5/22/2021 13:29', '217') to 01-smoker
2023-10-01 10:45:58,228.bbq_producer.INFO  [x] Sent ('5/22/2021 13:29', '') to 02-food-A
2023-10-01 10:45:58,261.bbq_producer.INFO  [x] Sent ('5/22/2021 13:29', '') to 02-food-B
2023-10-01 10:46:28,332.bbq_producer.INFO  [x] Sent ('5/22/2021 13:29', '217') to 01-smoker
2023-10-01 10:46:28,365.bbq_producer.INFO  [x] Sent ('5/22/2021 13:29', '') to 02-food-A
2023-10-01 10:46:28,434.bbq_producer.INFO  [x] Sent ('5/22/2021 13:29', '') to 02-food-B
2023-10-01 10:46:58,485.bbq_producer.INFO  [x] Sent ('5/22/2021 13:30', '218.6') to 01-smoker
2023-10-01 10:46:58,486.bbq_producer.INFO  [x] Sent ('5/22/2021 13:30', '') to 02-food-A
2023-10-01 10:46:58,492.bbq_producer.INFO  [x] Sent ('5/22/2021 13:30', '') to 02-food-B
2023-10-01 10:47:28,511.bbq_producer.INFO  [x] Sent ('5/22/2021 13:30', '218.6') to 01-smoker
2023-10-01 10:47:28,528.bbq_producer.INFO  [x] Sent ('5/22/2021 13:30', '') to 02-food-A
2023-10-01 10:47:28,530.bbq_producer.INFO  [x] Sent ('5/22/2021 13:30', '') to 02-food-B
2023-10-01 10:47:58,548.bbq_producer.INFO  [x] Sent ('5/22/2021 13:31', '218.5') to 01-smoker
2023-10-01 10:47:58,560.bbq_producer.INFO  [x] Sent ('5/22/2021 13:31', '') to 02-food-A
2023-10-01 10:47:58,595.bbq_producer.INFO  [x] Sent ('5/22/2021 13:31', '') to 02-food-B
2023-10-01 10:48:28,624.bbq_producer.INFO  [x] Sent ('5/22/2021 13:31', '218.5') to 01-smoker
2023-10-01 10:48:28,630.bbq_producer.INFO  [x] Sent ('5/22/2021 13:31', '') to 02-food-A
2023-10-01 10:48:28,638.bbq_producer.INFO  [x] Sent ('5/22/2021 13:31', '') to 02-food-B
2023-10-01 10:48:58,699.bbq_producer.INFO  [x] Sent ('5/22/2021 13:32', '219.4') to 01-smoker
2023-10-01 10:48:58,704.bbq_producer.INFO  [x] Sent ('5/22/2021 13:32', '') to 02-food-A
2023-10-01 10:48:58,740.bbq_producer.INFO  [x] Sent ('5/22/2021 13:32', '') to 02-food-B
2023-10-01 10:49:28,768.bbq_producer.INFO  [x] Sent ('5/22/2021 13:32', '219.4') to 01-smoker
2023-10-01 10:49:28,789.bbq_producer.INFO  [x] Sent ('5/22/2021 13:32', '') to 02-food-A
2023-10-01 10:49:28,793.bbq_producer.INFO  [x] Sent ('5/22/2021 13:32', '') to 02-food-B
2023-10-01 10:49:58,805.bbq_producer.INFO  [x] Sent ('5/22/2021 13:33', '220.5') to 01-smoker
2023-10-01 10:49:58,812.bbq_producer.INFO  [x] Sent ('5/22/2021 13:33', '') to 02-food-A
2023-10-01 10:49:58,816.bbq_producer.INFO  [x] Sent ('5/22/2021 13:33', '') to 02-food-B
2023-09-30 21:51:44,153.bbq_producer.INFO  [x] Sent ('5/22/2021 13:33', '220.5') to 01-smoker
2023-09-30 21:51:44,192.bbq_producer.INFO  [x] Sent ('5/22/2021 13:33', '') to 02-food-A
2023-09-30 21:51:44,223.bbq_producer.INFO  [x] Sent ('5/22/2021 13:33', '') to 02-food-B
2023-09-30 21:52:14,245.bbq_producer.INFO  [x] Sent ('5/22/2021 13:34', '220.7') to 01-smoker
2023-09-30 21:52:14,247.bbq_producer.INFO  [x] Sent ('5/22/2021 13:34', '') to 02-food-A
2023-09-30 21:52:14,252.bbq_producer.INFO  [x] Sent ('5/22/2021 13:34', '') to 02-food-B
2023-09-30 21:52:44,326.bbq_producer.INFO  [x] Sent ('5/22/2021 13:34', '220.7') to 01-smoker
2023-09-30 21:52:44,640.bbq_producer.INFO  [x] Sent ('5/22/2021 13:34', '') to 02-food-A
2023-09-30 21:52:44,813.bbq_producer.INFO  [x] Sent ('5/22/2021 13:34', '') to 02-food-B
2023-09-30 21:53:15,072.bbq_producer.INFO  [x] Sent ('5/22/2021 13:35', '222.5') to 01-smoker
2023-09-30 21:53:15,074.bbq_producer.INFO  [x] Sent ('5/22/2021 13:35', '') to 02-food-A
2023-09-30 21:53:15,078.bbq_producer.INFO  [x] Sent ('5/22/2021 13:35', '') to 02-food-B
2023-09-30 21:53:45,089.bbq_producer.INFO  [x] Sent ('5/22/2021 13:35', '222.5') to 01-smoker
2023-09-30 21:53:45,092.bbq_producer.INFO  [x] Sent ('5/22/2021 13:35', '') to 02-food-A
2023-09-30 21:53:45,096.bbq_producer.INFO  [x] Sent ('5/22/2021 13:35', '') to 02-food-B
2023-09-30 21:54:15,165.bbq_producer.INFO  [x] Sent ('5/22/2021 13:36', '223') to 01-smoker
2023-09-30 21:54:15,257.bbq_producer.INFO  [x] Sent ('5/22/2021 13:36', '') to 02-food-A
2023-09-30 21:54:15,307.bbq_producer.INFO  [x] Sent ('5/22/2021 13:36', '') to 02-food-B
2023-09-30 21:54:45,514.bbq_producer.INFO  [x] Sent ('5/22/2021 13:36', '223') to 01-smoker
2023-09-30 21:54:45,618.bbq_producer.INFO  [x] Sent ('5/22/2021 13:36', '') to 02-food-A
2023-09-30 21:54:45,799.bbq_producer.INFO  [x] Sent ('5/22/2021 13:36', '') to 02-food-B
2023-09-30 21:55:15,945.bbq_producer.INFO  [x] Sent ('5/22/2021 13:37', '224.7') to 01-smoker
2023-09-30 21:55:15,947.bbq_producer.INFO  [x] Sent ('5/22/2021 13:37', '') to 02-food-A
2023-09-30 21:55:15,951.bbq_producer.INFO  [x] Sent ('5/22/2021 13:37', '') to 02-food-B
2023-09-30 21:55:46,077.bbq_producer.INFO  [x] Sent ('5/22/2021 13:37', '224.7') to 01-smoker
2023-09-30 21:55:46,221.bbq_producer.INFO  [x] Sent ('5/22/2021 13:37', '') to 02-food-A
2023-09-30 21:55:46,297.bbq_producer.INFO  [x] Sent ('5/22/2021 13:37', '') to 02-food-B
2023-09-30 21:56:16,554.bbq_producer.INFO  [x] Sent ('5/22/2021 13:38', '224.2') to 01-smoker
2023-09-30 21:56:16,971.bbq_producer.INFO  [x] Sent ('5/22/2021 13:38', '') to 02-food-A
2023-09-30 21:56:17,116.bbq_producer.INFO  [x] Sent ('5/22/2021 13:38', '') to 02-food-B
2023-09-30 21:56:47,504.bbq_producer.INFO  [x] Sent ('5/22/2021 13:38', '224.2') to 01-smoker
2023-09-30 21:56:47,827.bbq_producer.INFO  [x] Sent ('5/22/2021 13:38', '') to 02-food-A
2023-09-30 21:56:48,212.bbq_producer.INFO  [x] Sent ('5/22/2021 13:38', '') to 02-food-B
2023-09-30 21:57:18,666.bbq_producer.INFO  [x] Sent ('5/22/2021 13:39', '223.6') to 01-smoker
2023-09-30 21:57:18,778.bbq_producer.INFO  [x] Sent ('5/22/2021 13:39', '') to 02-food-A
2023-09-30 21:57:18,927.bbq_producer.INFO  [x] Sent ('5/22/2021 13:39', '') to 02-food-B
2023-09-30 21:57:49,093.bbq_producer.INFO  [x] Sent ('5/22/2021 13:39', '223.6') to 01-smoker
2023-09-30 21:57:49,125.bbq_producer.INFO  [x] Sent ('5/22/2021 13:39', '') to 02-food-A
2023-09-30 21:57:49,132.bbq_producer.INFO  [x] Sent ('5/22/2021 13:39', '') to 02-food-B
2023-09-30 21:58:19,204.bbq_producer.INFO  [x] Sent ('5/22/2021 13:40', '224.6') to 01-smoker
2023-09-30 21:58:19,261.bbq_producer.INFO  [x] Sent ('5/22/2021 13:40', '') to 02-food-A
2023-09-30 21:58:19,288.bbq_producer.INFO  [x] Sent ('5/22/2021 13:40', '') to 02-food-B
2023-09-30 21:58:49,397.bbq_producer.INFO  [x] Sent ('5/22/2021 13:40', '224.6') to 01-smoker
2023-09-30 21:58:49,557.bbq_producer.INFO  [x] Sent ('5/22/2021 13:40', '') to 02-food-A
2023-09-30 21:58:49,702.bbq_producer.INFO  [x] Sent ('5/22/2021 13:40', '') to 02-food-B
2023-09-30 21:59:19,852.bbq_producer.INFO  [x] Sent ('5/22/2021 13:41', '224.3') to 01-smoker
2023-09-30 21:59:19,971.bbq_producer.INFO  [x] Sent ('5/22/2021 13:41', '') to 02-food-A
2023-09-30 21:59:20,113.bbq_producer.INFO  [x] Sent ('5/22/2021 13:41', '') to 02-food-B
2023-09-30 21:59:50,405.bbq_producer.INFO  [x] Sent ('5/22/2021 13:41', '224.3') to 01-smoker
2023-09-30 21:59:50,568.bbq_producer.INFO  [x] Sent ('5/22/2021 13:41', '') to 02-food-A
2023-09-30 21:59:50,761.bbq_producer.INFO  [x] Sent ('5/22/2021 13:41', '') to 02-food-B
2023-09-30 22:00:21,033.bbq_producer.INFO  [x] Sent ('5/22/2021 13:42', '226.6') to 01-smoker
2023-09-30 22:00:21,116.bbq_producer.INFO  [x] Sent ('5/22/2021 13:42', '') to 02-food-A
2023-09-30 22:00:21,173.bbq_producer.INFO  [x] Sent ('5/22/2021 13:42', '') to 02-food-B
2023-09-30 22:00:51,322.bbq_producer.INFO  [x] Sent ('5/22/2021 13:42', '226.6') to 01-smoker
2023-09-30 22:00:51,458.bbq_producer.INFO  [x] Sent ('5/22/2021 13:42', '') to 02-food-A
2023-09-30 22:00:51,510.bbq_producer.INFO  [x] Sent ('5/22/2021 13:42', '') to 02-food-B
2023-09-30 22:01:21,624.bbq_producer.INFO  [x] Sent ('5/22/2021 13:43', '229') to 01-smoker
2023-09-30 22:01:21,738.bbq_producer.INFO  [x] Sent ('5/22/2021 13:43', '') to 02-food-A
2023-09-30 22:01:21,839.bbq_producer.INFO  [x] Sent ('5/22/2021 13:43', '') to 02-food-B
2023-09-30 22:01:51,914.bbq_producer.INFO  [x] Sent ('5/22/2021 13:43', '229') to 01-smoker
2023-09-30 22:01:51,921.bbq_producer.INFO  [x] Sent ('5/22/2021 13:43', '') to 02-food-A
2023-09-30 22:01:51,931.bbq_producer.INFO  [x] Sent ('5/22/2021 13:43', '') to 02-food-B
2023-09-30 22:02:24,727.bbq_producer.INFO  [x] Sent ('5/22/2021 13:44', '232.8') to 01-smoker
2023-09-30 22:02:24,797.bbq_producer.INFO  [x] Sent ('5/22/2021 13:44', '') to 02-food-A
2023-09-30 22:02:25,051.bbq_producer.INFO  [x] Sent ('5/22/2021 13:44', '') to 02-food-B
2023-09-30 22:02:55,234.bbq_producer.INFO  [x] Sent ('5/22/2021 13:44', '232.8') to 01-smoker
2023-09-30 22:02:55,262.bbq_producer.INFO  [x] Sent ('5/22/2021 13:44', '') to 02-food-A
2023-09-30 22:02:55,294.bbq_producer.INFO  [x] Sent ('5/22/2021 13:44', '') to 02-food-B
2023-09-30 22:03:25,307.bbq_producer.INFO  [x] Sent ('5/22/2021 13:45', '237.9') to 01-smoker
2023-09-30 22:03:25,309.bbq_producer.INFO  [x] Sent ('5/22/2021 13:45', '') to 02-food-A
2023-09-30 22:03:25,311.bbq_producer.INFO  [x] Sent ('5/22/2021 13:45', '') to 02-food-B
2023-09-30 22:03:55,339.bbq_producer.INFO  [x] Sent ('5/22/2021 13:45', '237.9') to 01-smoker
2023-09-30 22:03:55,394.bbq_producer.INFO  [x] Sent ('5/22/2021 13:45', '') to 02-food-A
2023-09-30 22:03:55,444.bbq_producer.INFO  [x] Sent ('5/22/2021 13:45', '') to 02-food-B
2023-09-30 22:04:25,506.bbq_producer.INFO  [x] Sent ('5/22/2021 13:46', '200.2') to 01-smoker
2023-09-30 22:04:25,511.bbq_producer.INFO  [x] Sent ('5/22/2021 13:46', '') to 02-food-A
2023-09-30 22:04:25,513.bbq_producer.INFO  [x] Sent ('5/22/2021 13:46', '') to 02-food-B
2023-09-30 22:04:55,529.bbq_producer.INFO  [x] Sent ('5/22/2021 13:46', '200.2') to 01-smoker
2023-09-30 22:04:55,534.bbq_producer.INFO  [x] Sent ('5/22/2021 13:46', '') to 02-food-A
2023-09-30 22:04:55,538.bbq_producer.INFO  [x] Sent ('5/22/2021 13:46', '') to 02-food-B
2023-09-30 22:05:25,551.bbq_producer.INFO  [x] Sent ('5/22/2021 13:46', '') to 01-smoker
2023-09-30 22:05:25,555.bbq_producer.INFO  [x] Sent ('5/22/2021 13:46', '38.7') to 02-food-A
2023-09-30 22:05:25,558.bbq_producer.INFO  [x] Sent ('5/22/2021 13:46', '') to 02-food-B
2023-09-30 22:05:55,601.bbq_producer.INFO  [x] Sent ('5/22/2021 13:46', '') to 01-smoker
2023-09-30 22:05:55,622.bbq_producer.INFO  [x] Sent ('5/22/2021 13:46', '38.7') to 02-food-A
2023-09-30 22:05:55,628.bbq_producer.INFO  [x] Sent ('5/22/2021 13:46', '37') to 02-food-B
2023-09-30 22:06:25,646.bbq_producer.INFO  [x] Sent ('5/22/2021 13:46', '') to 01-smoker
2023-09-30 22:06:25,653.bbq_producer.INFO  [x] Sent ('5/22/2021 13:46', '') to 02-food-A
2023-09-30 22:06:25,666.bbq_producer.INFO  [x] Sent ('5/22/2021 13:46', '37') to 02-food-B
2023-09-30 22:06:55,685.bbq_producer.INFO  [x] Sent ('5/22/2021 13:47', '205.9') to 01-smoker
2023-09-30 22:06:55,694.bbq_producer.INFO  [x] Sent ('5/22/2021 13:47', '') to 02-food-A
2023-09-30 22:06:55,698.bbq_producer.INFO  [x] Sent ('5/22/2021 13:47', '') to 02-food-B
2023-09-30 22:07:25,784.bbq_producer.INFO  [x] Sent ('5/22/2021 13:47', '205.9') to 01-smoker
2023-09-30 22:07:26,112.bbq_producer.INFO  [x] Sent ('5/22/2021 13:47', '') to 02-food-A
2023-09-30 22:07:26,430.bbq_producer.INFO  [x] Sent ('5/22/2021 13:47', '') to 02-food-B
2023-09-30 22:07:56,847.bbq_producer.INFO  [x] Sent ('5/22/2021 13:47', '') to 01-smoker
2023-09-30 22:07:57,017.bbq_producer.INFO  [x] Sent ('5/22/2021 13:47', '37.1') to 02-food-A
2023-09-30 22:07:57,182.bbq_producer.INFO  [x] Sent ('5/22/2021 13:47', '') to 02-food-B
2023-09-30 22:08:27,388.bbq_producer.INFO  [x] Sent ('5/22/2021 13:47', '') to 01-smoker
2023-09-30 22:08:27,596.bbq_producer.INFO  [x] Sent ('5/22/2021 13:47', '37.1') to 02-food-A
2023-09-30 22:08:27,745.bbq_producer.INFO  [x] Sent ('5/22/2021 13:47', '35.3') to 02-food-B
2023-09-30 22:08:57,974.bbq_producer.INFO  [x] Sent ('5/22/2021 13:47', '') to 01-smoker
2023-09-30 22:08:58,119.bbq_producer.INFO  [x] Sent ('5/22/2021 13:47', '') to 02-food-A
2023-09-30 22:08:58,255.bbq_producer.INFO  [x] Sent ('5/22/2021 13:47', '35.3') to 02-food-B
2023-09-30 22:09:28,433.bbq_producer.INFO  [x] Sent ('5/22/2021 13:48', '230') to 01-smoker
2023-09-30 22:09:28,440.bbq_producer.INFO  [x] Sent ('5/22/2021 13:48', '') to 02-food-A
2023-09-30 22:09:28,469.bbq_producer.INFO  [x] Sent ('5/22/2021 13:48', '') to 02-food-B
2023-09-30 22:09:58,521.bbq_producer.INFO  [x] Sent ('5/22/2021 13:48', '230') to 01-smoker
2023-09-30 22:09:58,544.bbq_producer.INFO  [x] Sent ('5/22/2021 13:48', '') to 02-food-A
2023-09-30 22:09:58,573.bbq_producer.INFO  [x] Sent ('5/22/2021 13:48', '') to 02-food-B
2023-09-30 22:10:28,624.bbq_producer.INFO  [x] Sent ('5/22/2021 13:48', '') to 01-smoker
2023-09-30 22:10:28,730.bbq_producer.INFO  [x] Sent ('5/22/2021 13:48', '36.9') to 02-food-A
2023-09-30 22:10:28,786.bbq_producer.INFO  [x] Sent ('5/22/2021 13:48', '') to 02-food-B
2023-09-30 22:10:58,943.bbq_producer.INFO  [x] Sent ('5/22/2021 13:48', '') to 01-smoker
2023-09-30 22:10:58,996.bbq_producer.INFO  [x] Sent ('5/22/2021 13:48', '36.9') to 02-food-A
2023-09-30 22:10:59,152.bbq_producer.INFO  [x] Sent ('5/22/2021 13:48', '35.2') to 02-food-B
2023-09-30 22:11:29,320.bbq_producer.INFO  [x] Sent ('5/22/2021 13:48', '') to 01-smoker
2023-09-30 22:11:29,461.bbq_producer.INFO  [x] Sent ('5/22/2021 13:48', '') to 02-food-A
2023-09-30 22:11:29,733.bbq_producer.INFO  [x] Sent ('5/22/2021 13:48', '35.2') to 02-food-B
2023-09-30 22:12:00,263.bbq_producer.INFO  [x] Sent ('5/22/2021 13:49', '239.6') to 01-smoker
2023-09-30 22:12:00,583.bbq_producer.INFO  [x] Sent ('5/22/2021 13:49', '') to 02-food-A
2023-09-30 22:12:00,837.bbq_producer.INFO  [x] Sent ('5/22/2021 13:49', '') to 02-food-B
2023-09-30 22:12:31,134.bbq_producer.INFO  [x] Sent ('5/22/2021 13:49', '239.6') to 01-smoker
2023-09-30 22:12:31,239.bbq_producer.INFO  [x] Sent ('5/22/2021 13:49', '') to 02-food-A
2023-09-30 22:12:31,349.bbq_producer.INFO  [x] Sent ('5/22/2021 13:49', '') to 02-food-B
2023-09-30 22:13:01,473.bbq_producer.INFO  [x] Sent ('5/22/2021 13:49', '') to 01-smoker
2023-09-30 22:13:01,566.bbq_producer.INFO  [x] Sent ('5/22/2021 13:49', '36.9') to 02-food-A
2023-09-30 22:13:01,624.bbq_producer.INFO  [x] Sent ('5/22/2021 13:49', '') to 02-food-B
2023-09-30 22:13:31,702.bbq_producer.INFO  [x] Sent ('5/22/2021 13:49', '') to 01-smoker
2023-09-30 22:13:31,760.bbq_producer.INFO  [x] Sent ('5/22/2021 13:49', '36.9') to 02-food-A
2023-09-30 22:13:31,838.bbq_producer.INFO  [x] Sent ('5/22/2021 13:49', '35.3') to 02-food-B
2023-09-30 22:14:01,941.bbq_producer.INFO  [x] Sent ('5/22/2021 13:49', '') to 01-smoker
2023-09-30 22:14:01,987.bbq_producer.INFO  [x] Sent ('5/22/2021 13:49', '') to 02-food-A
2023-09-30 22:14:02,084.bbq_producer.INFO  [x] Sent ('5/22/2021 13:49', '35.3') to 02-food-B
2023-09-30 22:14:32,164.bbq_producer.INFO  [x] Sent ('5/22/2021 13:50', '242.4') to 01-smoker
2023-09-30 22:14:32,168.bbq_producer.INFO  [x] Sent ('5/22/2021 13:50', '') to 02-food-A
2023-09-30 22:14:32,171.bbq_producer.INFO  [x] Sent ('5/22/2021 13:50', '') to 02-food-B
2023-09-30 22:15:02,212.bbq_producer.INFO  [x] Sent ('5/22/2021 13:50', '242.4') to 01-smoker
2023-09-30 22:15:02,295.bbq_producer.INFO  [x] Sent ('5/22/2021 13:50', '') to 02-food-A
2023-09-30 22:15:02,353.bbq_producer.INFO  [x] Sent ('5/22/2021 13:50', '') to 02-food-B
2023-09-30 22:15:32,446.bbq_producer.INFO  [x] Sent ('5/22/2021 13:50', '') to 01-smoker
2023-09-30 22:15:32,491.bbq_producer.INFO  [x] Sent ('5/22/2021 13:50', '37.2') to 02-food-A
2023-09-30 22:15:32,514.bbq_producer.INFO  [x] Sent ('5/22/2021 13:50', '') to 02-food-B
2023-09-30 22:16:02,540.bbq_producer.INFO  [x] Sent ('5/22/2021 13:50', '') to 01-smoker
2023-09-30 22:16:02,549.bbq_producer.INFO  [x] Sent ('5/22/2021 13:50', '37.2') to 02-food-A
2023-09-30 22:16:02,553.bbq_producer.INFO  [x] Sent ('5/22/2021 13:50', '35.2') to 02-food-B
2023-09-30 22:16:32,593.bbq_producer.INFO  [x] Sent ('5/22/2021 13:50', '') to 01-smoker
2023-09-30 22:16:32,601.bbq_producer.INFO  [x] Sent ('5/22/2021 13:50', '') to 02-food-A
2023-09-30 22:16:32,630.bbq_producer.INFO  [x] Sent ('5/22/2021 13:50', '35.2') to 02-food-B
2023-10-01 10:13:42,706.bbq_producer.INFO  [x] Sent ('5/22/2021 13:51', '243.1') to 01-smoker
2023-10-01 10:13:42,775.bbq_producer.INFO  [x] Sent ('5/22/2021 13:51', '') to 02-food-A
2023-10-01 10:13:42,860.bbq_producer.INFO  [x] Sent ('5/22/2021 13:51', '') to 02-food-B
2023-10-01 10:14:13,054.bbq_producer.INFO  [x] Sent ('5/22/2021 13:51', '243.1') to 01-smoker
2023-10-01 10:14:13,248.bbq_producer.INFO  [x] Sent ('5/22/2021 13:51', '') to 02-food-A
2023-10-01 10:14:13,435.bbq_producer.INFO  [x] Sent ('5/22/2021 13:51', '') to 02-food-B
2023-10-01 10:14:43,720.bbq_producer.INFO  [x] Sent ('5/22/2021 13:51', '') to 01-smoker
2023-10-01 10:14:43,785.bbq_producer.INFO  [x] Sent ('5/22/2021 13:51', '37.5') to 02-food-A
2023-10-01 10:14:43,799.bbq_producer.INFO  [x] Sent ('5/22/2021 13:51', '') to 02-food-B
2023-10-01 10:15:13,847.bbq_producer.INFO  [x] Sent ('5/22/2021 13:51', '') to 01-smoker
2023-10-01 10:15:13,856.bbq_producer.INFO  [x] Sent ('5/22/2021 13:51', '37.5') to 02-food-A
2023-10-01 10:15:13,867.bbq_producer.INFO  [x] Sent ('5/22/2021 13:51', '35.2') to 02-food-B
2023-10-01 10:15:43,876.bbq_producer.INFO  [x] Sent ('5/22/2021 13:51', '') to 01-smoker
2023-10-01 10:15:43,878.bbq_producer.INFO  [x] Sent ('5/22/2021 13:51', '') to 02-food-A
2023-10-01 10:15:43,880.bbq_producer.INFO  [x] Sent ('5/22/2021 13:51', '35.2') to 02-food-B
2023-10-01 10:16:13,883.bbq_producer.INFO  [x] Sent ('5/22/2021 13:52', '242.6') to 01-smoker
2023-10-01 10:16:13,884.bbq_producer.INFO  [x] Sent ('5/22/2021 13:52', '') to 02-food-A
2023-10-01 10:16:13,888.bbq_producer.INFO  [x] Sent ('5/22/2021 13:52', '') to 02-food-B
2023-10-01 10:16:43,940.bbq_producer.INFO  [x] Sent ('5/22/2021 13:52', '242.6') to 01-smoker
2023-10-01 10:16:43,981.bbq_producer.INFO  [x] Sent ('5/22/2021 13:52', '') to 02-food-A
2023-10-01 10:16:44,054.bbq_producer.INFO  [x] Sent ('5/22/2021 13:52', '') to 02-food-B
2023-10-01 10:17:14,117.bbq_producer.INFO  [x] Sent ('5/22/2021 13:52', '') to 01-smoker
2023-10-01 10:17:14,118.bbq_producer.INFO  [x] Sent ('5/22/2021 13:52', '37.9') to 02-food-A
2023-10-01 10:17:14,123.bbq_producer.INFO  [x] Sent ('5/22/2021 13:52', '') to 02-food-B
2023-10-01 10:17:44,329.bbq_producer.INFO  [x] Sent ('5/22/2021 13:52', '') to 01-smoker
2023-10-01 10:17:44,476.bbq_producer.INFO  [x] Sent ('5/22/2021 13:52', '37.9') to 02-food-A
2023-10-01 10:17:44,608.bbq_producer.INFO  [x] Sent ('5/22/2021 13:52', '35.6') to 02-food-B
2023-10-01 10:18:14,703.bbq_producer.INFO  [x] Sent ('5/22/2021 13:52', '') to 01-smoker
2023-10-01 10:18:14,795.bbq_producer.INFO  [x] Sent ('5/22/2021 13:52', '') to 02-food-A
2023-10-01 10:18:14,884.bbq_producer.INFO  [x] Sent ('5/22/2021 13:52', '35.6') to 02-food-B
2023-10-01 10:18:45,591.bbq_producer.INFO  [x] Sent ('5/22/2021 13:53', '241.7') to 01-smoker
2023-10-01 10:18:45,610.bbq_producer.INFO  [x] Sent ('5/22/2021 13:53', '') to 02-food-A
2023-10-01 10:18:45,685.bbq_producer.INFO  [x] Sent ('5/22/2021 13:53', '') to 02-food-B
2023-10-01 10:19:15,736.bbq_producer.INFO  [x] Sent ('5/22/2021 13:53', '241.7') to 01-smoker
2023-10-01 10:19:15,739.bbq_producer.INFO  [x] Sent ('5/22/2021 13:53', '') to 02-food-A
2023-10-01 10:19:15,741.bbq_producer.INFO  [x] Sent ('5/22/2021 13:53', '') to 02-food-B
2023-10-01 10:19:45,799.bbq_producer.INFO  [x] Sent ('5/22/2021 13:53', '') to 01-smoker
2023-10-01 10:19:45,885.bbq_producer.INFO  [x] Sent ('5/22/2021 13:53', '38.4') to 02-food-A
2023-10-01 10:19:45,936.bbq_producer.INFO  [x] Sent ('5/22/2021 13:53', '') to 02-food-B
2023-10-01 10:20:16,010.bbq_producer.INFO  [x] Sent ('5/22/2021 13:53', '') to 01-smoker
2023-10-01 10:20:16,116.bbq_producer.INFO  [x] Sent ('5/22/2021 13:53', '38.4') to 02-food-A
2023-10-01 10:20:16,320.bbq_producer.INFO  [x] Sent ('5/22/2021 13:53', '35.7') to 02-food-B
2023-10-01 10:20:46,464.bbq_producer.INFO  [x] Sent ('5/22/2021 13:53', '') to 01-smoker
2023-10-01 10:20:46,510.bbq_producer.INFO  [x] Sent ('5/22/2021 13:53', '') to 02-food-A
2023-10-01 10:20:46,545.bbq_producer.INFO  [x] Sent ('5/22/2021 13:53', '35.7') to 02-food-B
2023-10-01 10:21:16,627.bbq_producer.INFO  [x] Sent ('5/22/2021 13:54', '241.4') to 01-smoker
2023-10-01 10:21:16,680.bbq_producer.INFO  [x] Sent ('5/22/2021 13:54', '') to 02-food-A
2023-10-01 10:21:16,731.bbq_producer.INFO  [x] Sent ('5/22/2021 13:54', '') to 02-food-B
2023-10-01 10:21:46,930.bbq_producer.INFO  [x] Sent ('5/22/2021 13:54', '241.4') to 01-smoker
2023-10-01 10:21:47,202.bbq_producer.INFO  [x] Sent ('5/22/2021 13:54', '') to 02-food-A
2023-10-01 10:21:47,486.bbq_producer.INFO  [x] Sent ('5/22/2021 13:54', '') to 02-food-B
2023-10-01 10:22:17,638.bbq_producer.INFO  [x] Sent ('5/22/2021 13:54', '') to 01-smoker
2023-10-01 10:22:17,639.bbq_producer.INFO  [x] Sent ('5/22/2021 13:54', '39.1') to 02-food-A
2023-10-01 10:22:17,644.bbq_producer.INFO  [x] Sent ('5/22/2021 13:54', '') to 02-food-B
2023-10-01 10:22:47,650.bbq_producer.INFO  [x] Sent ('5/22/2021 13:54', '') to 01-smoker
2023-10-01 10:22:47,679.bbq_producer.INFO  [x] Sent ('5/22/2021 13:54', '39.1') to 02-food-A
2023-10-01 10:22:47,725.bbq_producer.INFO  [x] Sent ('5/22/2021 13:54', '36') to 02-food-B
2023-10-01 10:23:17,853.bbq_producer.INFO  [x] Sent ('5/22/2021 13:54', '') to 01-smoker
2023-10-01 10:23:17,887.bbq_producer.INFO  [x] Sent ('5/22/2021 13:54', '') to 02-food-A
2023-10-01 10:23:17,935.bbq_producer.INFO  [x] Sent ('5/22/2021 13:54', '36') to 02-food-B
2023-10-01 10:23:47,955.bbq_producer.INFO  [x] Sent ('5/22/2021 13:55', '242.1') to 01-smoker
2023-10-01 10:23:47,957.bbq_producer.INFO  [x] Sent ('5/22/2021 13:55', '') to 02-food-A
2023-10-01 10:23:47,962.bbq_producer.INFO  [x] Sent ('5/22/2021 13:55', '') to 02-food-B
2023-10-01 10:24:18,077.bbq_producer.INFO  [x] Sent ('5/22/2021 13:55', '242.1') to 01-smoker
2023-10-01 10:24:18,088.bbq_producer.INFO  [x] Sent ('5/22/2021 13:55', '') to 02-food-A
2023-10-01 10:24:18,167.bbq_producer.INFO  [x] Sent ('5/22/2021 13:55', '') to 02-food-B
2023-10-01 10:24:48,169.bbq_producer.INFO  [x] Sent ('5/22/2021 13:55', '') to 01-smoker
2023-10-01 10:24:48,170.bbq_producer.INFO  [x] Sent ('5/22/2021 13:55', '39.9') to 02-food-A
2023-10-01 10:24:48,173.bbq_producer.INFO  [x] Sent ('5/22/2021 13:55', '') to 02-food-B
2023-10-01 10:25:18,198.bbq_producer.INFO  [x] Sent ('5/22/2021 13:55', '') to 01-smoker
2023-10-01 10:25:18,251.bbq_producer.INFO  [x] Sent ('5/22/2021 13:55', '39.9') to 02-food-A
2023-10-01 10:25:18,325.bbq_producer.INFO  [x] Sent ('5/22/2021 13:55', '36') to 02-food-B
2023-10-01 10:25:48,373.bbq_producer.INFO  [x] Sent ('5/22/2021 13:55', '') to 01-smoker
2023-10-01 10:25:48,409.bbq_producer.INFO  [x] Sent ('5/22/2021 13:55', '') to 02-food-A
2023-10-01 10:25:48,433.bbq_producer.INFO  [x] Sent ('5/22/2021 13:55', '36') to 02-food-B
2023-10-01 10:26:18,492.bbq_producer.INFO  [x] Sent ('5/22/2021 13:56', '241.9') to 01-smoker
2023-10-01 10:26:18,532.bbq_producer.INFO  [x] Sent ('5/22/2021 13:56', '') to 02-food-A
2023-10-01 10:26:18,582.bbq_producer.INFO  [x] Sent ('5/22/2021 13:56', '') to 02-food-B
2023-10-01 10:26:48,714.bbq_producer.INFO  [x] Sent ('5/22/2021 13:56', '241.9') to 01-smoker
2023-10-01 10:26:48,904.bbq_producer.INFO  [x] Sent ('5/22/2021 13:56', '') to 02-food-A
2023-10-01 10:26:49,026.bbq_producer.INFO  [x] Sent ('5/22/2021 13:56', '') to 02-food-B
2023-10-01 10:27:19,169.bbq_producer.INFO  [x] Sent ('5/22/2021 13:56', '') to 01-smoker
2023-10-01 10:27:19,174.bbq_producer.INFO  [x] Sent ('5/22/2021 13:56', '40.6') to 02-food-A
2023-10-01 10:27:19,179.bbq_producer.INFO  [x] Sent ('5/22/2021 13:56', '') to 02-food-B
2023-10-01 10:27:49,189.bbq_producer.INFO  [x] Sent ('5/22/2021 13:56', '') to 01-smoker
2023-10-01 10:27:49,191.bbq_producer.INFO  [x] Sent ('5/22/2021 13:56', '40.6') to 02-food-A
2023-10-01 10:27:49,193.bbq_producer.INFO  [x] Sent ('5/22/2021 13:56', '36.4') to 02-food-B
2023-10-01 10:28:19,219.bbq_producer.INFO  [x] Sent ('5/22/2021 13:56', '') to 01-smoker
2023-10-01 10:28:19,299.bbq_producer.INFO  [x] Sent ('5/22/2021 13:56', '') to 02-food-A
2023-10-01 10:28:19,397.bbq_producer.INFO  [x] Sent ('5/22/2021 13:56', '36.4') to 02-food-B
2023-10-01 10:28:49,455.bbq_producer.INFO  [x] Sent ('5/22/2021 13:57', '242.1') to 01-smoker
2023-10-01 10:28:49,457.bbq_producer.INFO  [x] Sent ('5/22/2021 13:57', '') to 02-food-A
2023-10-01 10:28:49,463.bbq_producer.INFO  [x] Sent ('5/22/2021 13:57', '') to 02-food-B
2023-10-01 10:29:19,476.bbq_producer.INFO  [x] Sent ('5/22/2021 13:57', '242.1') to 01-smoker
2023-10-01 10:29:19,478.bbq_producer.INFO  [x] Sent ('5/22/2021 13:57', '') to 02-food-A
2023-10-01 10:29:19,480.bbq_producer.INFO  [x] Sent ('5/22/2021 13:57', '') to 02-food-B
2023-10-01 10:29:49,501.bbq_producer.INFO  [x] Sent ('5/22/2021 13:57', '') to 01-smoker
2023-10-01 10:29:49,510.bbq_producer.INFO  [x] Sent ('5/22/2021 13:57', '41.4') to 02-food-A
2023-10-01 10:29:49,557.bbq_producer.INFO  [x] Sent ('5/22/2021 13:57', '') to 02-food-B
2023-10-01 10:30:19,648.bbq_producer.INFO  [x] Sent ('5/22/2021 13:57', '') to 01-smoker
2023-10-01 10:30:19,701.bbq_producer.INFO  [x] Sent ('5/22/2021 13:57', '41.4') to 02-food-A
2023-10-01 10:30:19,744.bbq_producer.INFO  [x] Sent ('5/22/2021 13:57', '36.7') to 02-food-B
2023-10-01 10:30:49,863.bbq_producer.INFO  [x] Sent ('5/22/2021 13:57', '') to 01-smoker
2023-10-01 10:30:49,936.bbq_producer.INFO  [x] Sent ('5/22/2021 13:57', '') to 02-food-A
2023-10-01 10:30:49,956.bbq_producer.INFO  [x] Sent ('5/22/2021 13:57', '36.7') to 02-food-B
2023-10-01 10:31:19,992.bbq_producer.INFO  [x] Sent ('5/22/2021 13:58', '240.4') to 01-smoker
2023-10-01 10:31:20,010.bbq_producer.INFO  [x] Sent ('5/22/2021 13:58', '') to 02-food-A
2023-10-01 10:31:20,019.bbq_producer.INFO  [x] Sent ('5/22/2021 13:58', '') to 02-food-B
2023-10-01 10:31:50,126.bbq_producer.INFO  [x] Sent ('5/22/2021 13:58', '240.4') to 01-smoker
2023-10-01 10:31:50,271.bbq_producer.INFO  [x] Sent ('5/22/2021 13:58', '') to 02-food-A
2023-10-01 10:31:50,425.bbq_producer.INFO  [x] Sent ('5/22/2021 13:58', '') to 02-food-B
2023-10-01 10:32:20,675.bbq_producer.INFO  [x] Sent ('5/22/2021 13:58', '') to 01-smoker
2023-10-01 10:32:20,810.bbq_producer.INFO  [x] Sent ('5/22/2021 13:58', '42.2') to 02-food-A
2023-10-01 10:32:20,958.bbq_producer.INFO  [x] Sent ('5/22/2021 13:58', '') to 02-food-B
2023-10-01 10:32:51,242.bbq_producer.INFO  [x] Sent ('5/22/2021 13:58', '') to 01-smoker
2023-10-01 10:32:51,581.bbq_producer.INFO  [x] Sent ('5/22/2021 13:58', '42.2') to 02-food-A
2023-10-01 10:32:51,897.bbq_producer.INFO  [x] Sent ('5/22/2021 13:58', '37.1') to 02-food-B
2023-10-01 10:33:22,117.bbq_producer.INFO  [x] Sent ('5/22/2021 13:58', '') to 01-smoker
2023-10-01 10:33:22,145.bbq_producer.INFO  [x] Sent ('5/22/2021 13:58', '') to 02-food-A
2023-10-01 10:33:22,148.bbq_producer.INFO  [x] Sent ('5/22/2021 13:58', '37.1') to 02-food-B
2023-10-01 10:33:52,186.bbq_producer.INFO  [x] Sent ('5/22/2021 13:59', '240.2') to 01-smoker
2023-10-01 10:33:52,217.bbq_producer.INFO  [x] Sent ('5/22/2021 13:59', '') to 02-food-A
2023-10-01 10:33:52,236.bbq_producer.INFO  [x] Sent ('5/22/2021 13:59', '') to 02-food-B
2023-10-01 10:34:22,366.bbq_producer.INFO  [x] Sent ('5/22/2021 13:59', '240.2') to 01-smoker
2023-10-01 10:34:22,495.bbq_producer.INFO  [x] Sent ('5/22/2021 13:59', '') to 02-food-A
2023-10-01 10:34:22,631.bbq_producer.INFO  [x] Sent ('5/22/2021 13:59', '') to 02-food-B
2023-10-01 10:34:52,907.bbq_producer.INFO  [x] Sent ('5/22/2021 13:59', '') to 01-smoker
2023-10-01 10:34:52,980.bbq_producer.INFO  [x] Sent ('5/22/2021 13:59', '43.1') to 02-food-A
2023-10-01 10:34:53,015.bbq_producer.INFO  [x] Sent ('5/22/2021 13:59', '') to 02-food-B
2023-10-01 10:35:23,109.bbq_producer.INFO  [x] Sent ('5/22/2021 13:59', '') to 01-smoker
2023-10-01 10:35:23,194.bbq_producer.INFO  [x] Sent ('5/22/2021 13:59', '43.1') to 02-food-A
2023-10-01 10:35:23,299.bbq_producer.INFO  [x] Sent ('5/22/2021 13:59', '37.6') to 02-food-B
2023-10-01 10:35:53,386.bbq_producer.INFO  [x] Sent ('5/22/2021 13:59', '') to 01-smoker
2023-10-01 10:35:53,389.bbq_producer.INFO  [x] Sent ('5/22/2021 13:59', '') to 02-food-A
2023-10-01 10:35:53,392.bbq_producer.INFO  [x] Sent ('5/22/2021 13:59', '37.6') to 02-food-B
2023-10-01 10:36:23,398.bbq_producer.INFO  [x] Sent ('5/22/2021 14:00', '240.1') to 01-smoker
2023-10-01 10:36:23,399.bbq_producer.INFO  [x] Sent ('5/22/2021 14:00', '') to 02-food-A
2023-10-01 10:36:23,403.bbq_producer.INFO  [x] Sent ('5/22/2021 14:00', '') to 02-food-B
2023-10-01 10:36:53,420.bbq_producer.INFO  [x] Sent ('5/22/2021 14:00', '240.1') to 01-smoker
2023-10-01 10:36:53,454.bbq_producer.INFO  [x] Sent ('5/22/2021 14:00', '') to 02-food-A
2023-10-01 10:36:53,513.bbq_producer.INFO  [x] Sent ('5/22/2021 14:00', '') to 02-food-B
2023-10-01 10:37:23,604.bbq_producer.INFO  [x] Sent ('5/22/2021 14:00', '') to 01-smoker
2023-10-01 10:37:23,717.bbq_producer.INFO  [x] Sent ('5/22/2021 14:00', '44.1') to 02-food-A
2023-10-01 10:37:23,854.bbq_producer.INFO  [x] Sent ('5/22/2021 14:00', '') to 02-food-B
2023-10-01 10:37:54,014.bbq_producer.INFO  [x] Sent ('5/22/2021 14:00', '') to 01-smoker
2023-10-01 10:37:54,018.bbq_producer.INFO  [x] Sent ('5/22/2021 14:00', '44.1') to 02-food-A
2023-10-01 10:37:54,021.bbq_producer.INFO  [x] Sent ('5/22/2021 14:00', '38') to 02-food-B
2023-10-01 10:38:24,037.bbq_producer.INFO  [x] Sent ('5/22/2021 14:00', '') to 01-smoker
2023-10-01 10:38:24,038.bbq_producer.INFO  [x] Sent ('5/22/2021 14:00', '') to 02-food-A
2023-10-01 10:38:24,040.bbq_producer.INFO  [x] Sent ('5/22/2021 14:00', '38') to 02-food-B
2023-10-01 10:38:54,056.bbq_producer.INFO  [x] Sent ('5/22/2021 14:01', '239.8') to 01-smoker
2023-10-01 10:38:54,057.bbq_producer.INFO  [x] Sent ('5/22/2021 14:01', '') to 02-food-A
2023-10-01 10:38:54,227.bbq_producer.INFO  [x] Sent ('5/22/2021 14:01', '') to 02-food-B
2023-10-01 10:39:24,616.bbq_producer.INFO  [x] Sent ('5/22/2021 14:01', '239.8') to 01-smoker
2023-10-01 10:39:24,617.bbq_producer.INFO  [x] Sent ('5/22/2021 14:01', '') to 02-food-A
2023-10-01 10:39:24,619.bbq_producer.INFO  [x] Sent ('5/22/2021 14:01', '') to 02-food-B
2023-10-01 10:39:54,654.bbq_producer.INFO  [x] Sent ('5/22/2021 14:01', '') to 01-smoker
2023-10-01 10:39:54,705.bbq_producer.INFO  [x] Sent ('5/22/2021 14:01', '45.1') to 02-food-A
2023-10-01 10:39:54,766.bbq_producer.INFO  [x] Sent ('5/22/2021 14:01', '') to 02-food-B
2023-10-01 10:40:24,813.bbq_producer.INFO  [x] Sent ('5/22/2021 14:01', '') to 01-smoker
2023-10-01 10:40:24,821.bbq_producer.INFO  [x] Sent ('5/22/2021 14:01', '45.1') to 02-food-A
2023-10-01 10:40:24,858.bbq_producer.INFO  [x] Sent ('5/22/2021 14:01', '38.5') to 02-food-B
2023-10-01 10:40:54,901.bbq_producer.INFO  [x] Sent ('5/22/2021 14:01', '') to 01-smoker
2023-10-01 10:40:54,903.bbq_producer.INFO  [x] Sent ('5/22/2021 14:01', '') to 02-food-A
2023-10-01 10:40:54,904.bbq_producer.INFO  [x] Sent ('5/22/2021 14:01', '38.5') to 02-food-B
2023-10-01 10:41:24,941.bbq_producer.INFO  [x] Sent ('5/22/2021 14:02', '239.9') to 01-smoker
2023-10-01 10:41:25,029.bbq_producer.INFO  [x] Sent ('5/22/2021 14:02', '') to 02-food-A
2023-10-01 10:41:25,072.bbq_producer.INFO  [x] Sent ('5/22/2021 14:02', '') to 02-food-B
2023-10-01 10:41:55,220.bbq_producer.INFO  [x] Sent ('5/22/2021 14:02', '239.9') to 01-smoker
2023-10-01 10:41:55,292.bbq_producer.INFO  [x] Sent ('5/22/2021 14:02', '') to 02-food-A
2023-10-01 10:41:55,331.bbq_producer.INFO  [x] Sent ('5/22/2021 14:02', '') to 02-food-B
2023-10-01 10:42:25,491.bbq_producer.INFO  [x] Sent ('5/22/2021 14:02', '') to 01-smoker
2023-10-01 10:42:25,493.bbq_producer.INFO  [x] Sent ('5/22/2021 14:02', '46') to 02-food-A
2023-10-01 10:42:25,496.bbq_producer.INFO  [x] Sent ('5/22/2021 14:02', '') to 02-food-B
2023-10-01 10:42:55,513.bbq_producer.INFO  [x] Sent ('5/22/2021 14:02', '') to 01-smoker
2023-10-01 10:42:55,517.bbq_producer.INFO  [x] Sent ('5/22/2021 14:02', '46') to 02-food-A
2023-10-01 10:42:55,521.bbq_producer.INFO  [x] Sent ('5/22/2021 14:02', '39.2') to 02-food-B
2023-10-01 10:43:25,577.bbq_producer.INFO  [x] Sent ('5/22/2021 14:02', '') to 01-smoker
2023-10-01 10:43:25,639.bbq_producer.INFO  [x] Sent ('5/22/2021 14:02', '') to 02-food-A
2023-10-01 10:43:25,739.bbq_producer.INFO  [x] Sent ('5/22/2021 14:02', '39.2') to 02-food-B
2023-10-01 10:43:55,789.bbq_producer.INFO  [x] Sent ('5/22/2021 14:03', '240.4') to 01-smoker
2023-10-01 10:43:55,790.bbq_producer.INFO  [x] Sent ('5/22/2021 14:03', '') to 02-food-A
2023-10-01 10:43:55,791.bbq_producer.INFO  [x] Sent ('5/22/2021 14:03', '') to 02-food-B
2023-10-01 10:44:25,804.bbq_producer.INFO  [x] Sent ('5/22/2021 14:03', '240.4') to 01-smoker
2023-10-01 10:44:25,808.bbq_producer.INFO  [x] Sent ('5/22/2021 14:03', '') to 02-food-A
2023-10-01 10:44:25,811.bbq_producer.INFO  [x] Sent ('5/22/2021 14:03', '') to 02-food-B
2023-10-01 10:44:55,826.bbq_producer.INFO  [x] Sent ('5/22/2021 14:03', '') to 01-smoker
2023-10-01 10:44:55,827.bbq_producer.INFO  [x] Sent ('5/22/2021 14:03', '47.1') to 02-food-A
2023-10-01 10:44:55,830.bbq_producer.INFO  [x] Sent ('5/22/2021 14:03', '') to 02-food-B
2023-10-01 10:45:25,844.bbq_producer.INFO  [x] Sent ('5/22/2021 14:03', '') to 01-smoker
2023-10-01 10:45:25,848.bbq_producer.INFO  [x] Sent ('5/22/2021 14:03', '47.1') to 02-food-A
2023-10-01 10:45:25,850.bbq_producer.INFO  [x] Sent ('5/22/2021 14:03', '39.8') to 02-food-B
2023-10-01 10:45:55,865.bbq_producer.INFO  [x] Sent ('5/22/2021 14:03', '') to 01-smoker
2023-10-01 10:45:55,876.bbq_producer.INFO  [x] Sent ('5/22/2021 14:03', '') to 02-food-A
2023-10-01 10:45:55,880.bbq_producer.INFO  [x] Sent ('5/22/2021 14:03', '39.8') to 02-food-B
2023-10-01 10:46:25,891.bbq_producer.INFO  [x] Sent ('5/22/2021 14:04', '240.8') to 01-smoker
2023-10-01 10:46:25,908.bbq_producer.INFO  [x] Sent ('5/22/2021 14:04', '') to 02-food-A
2023-10-01 10:46:25,911.bbq_producer.INFO  [x] Sent ('5/22/2021 14:04', '') to 02-food-B
2023-10-01 10:46:55,915.bbq_producer.INFO  [x] Sent ('5/22/2021 14:04', '240.8') to 01-smoker
2023-10-01 10:46:55,916.bbq_producer.INFO  [x] Sent ('5/22/2021 14:04', '') to 02-food-A
2023-10-01 10:46:55,924.bbq_producer.INFO  [x] Sent ('5/22/2021 14:04', '') to 02-food-B
2023-10-01 10:47:25,940.bbq_producer.INFO  [x] Sent ('5/22/2021 14:04', '') to 01-smoker
2023-10-01 10:47:25,978.bbq_producer.INFO  [x] Sent ('5/22/2021 14:04', '48.2') to 02-food-A
2023-10-01 10:47:26,017.bbq_producer.INFO  [x] Sent ('5/22/2021 14:04', '') to 02-food-B
2023-10-01 10:47:56,077.bbq_producer.INFO  [x] Sent ('5/22/2021 14:04', '') to 01-smoker
2023-10-01 10:47:56,079.bbq_producer.INFO  [x] Sent ('5/22/2021 14:04', '48.2') to 02-food-A
2023-10-01 10:47:56,080.bbq_producer.INFO  [x] Sent ('5/22/2021 14:04', '40.4') to 02-food-B
2023-10-01 10:48:26,154.bbq_producer.INFO  [x] Sent ('5/22/2021 14:04', '') to 01-smoker
2023-10-01 10:48:26,160.bbq_producer.INFO  [x] Sent ('5/22/2021 14:04', '') to 02-food-A
2023-10-01 10:48:26,170.bbq_producer.INFO  [x] Sent ('5/22/2021 14:04', '40.4') to 02-food-B
2023-10-01 10:48:56,316.bbq_producer.INFO  [x] Sent ('5/22/2021 14:05', '241.3') to 01-smoker
2023-10-01 10:48:56,393.bbq_producer.INFO  [x] Sent ('5/22/2021 14:05', '') to 02-food-A
2023-10-01 10:48:56,471.bbq_producer.INFO  [x] Sent ('5/22/2021 14:05', '') to 02-food-B
2023-10-01 10:49:26,560.bbq_producer.INFO  [x] Sent ('5/22/2021 14:05', '241.3') to 01-smoker
2023-10-01 10:49:26,650.bbq_producer.INFO  [x] Sent ('5/22/2021 14:05', '') to 02-food-A
2023-10-01 10:49:26,762.bbq_producer.INFO  [x] Sent ('5/22/2021 14:05', '') to 02-food-B
2023-10-01 10:49:56,988.bbq_producer.INFO  [x] Sent ('5/22/2021 14:05', '') to 01-smoker
2023-10-01 10:49:56,998.bbq_producer.INFO  [x] Sent ('5/22/2021 14:05', '49.4') to 02-food-A
2023-10-01 10:49:57,001.bbq_producer.INFO  [x] Sent ('5/22/2021 14:05', '') to 02-food-B
2023-10-01 10:50:27,014.bbq_producer.INFO  [x] Sent ('5/22/2021 14:05', '') to 01-smoker
2023-10-01 10:50:27,017.bbq_producer.INFO  [x] Sent ('5/22/2021 14:05', '49.4') to 02-food-A
2023-10-01 10:50:27,022.bbq_producer.INFO  [x] Sent ('5/22/2021 14:05', '41.1') to 02-food-B
2023-10-01 10:50:57,032.bbq_producer.INFO  [x] Sent ('5/22/2021 14:05', '') to 01-smoker
2023-10-01 10:50:57,033.bbq_producer.INFO  [x] Sent ('5/22/2021 14:05', '') to 02-food-A
2023-10-01 10:50:57,035.bbq_producer.INFO  [x] Sent ('5/22/2021 14:05', '41.1') to 02-food-B
2023-10-01 10:51:27,037.bbq_producer.INFO  [x] Sent ('5/22/2021 14:06', '241.7') to 01-smoker
2023-10-01 10:51:27,038.bbq_producer.INFO  [x] Sent ('5/22/2021 14:06', '') to 02-food-A
2023-10-01 10:51:27,043.bbq_producer.INFO  [x] Sent ('5/22/2021 14:06', '') to 02-food-B
2023-10-01 10:51:57,055.bbq_producer.INFO  [x] Sent ('5/22/2021 14:06', '241.7') to 01-smoker
2023-10-01 10:51:57,056.bbq_producer.INFO  [x] Sent ('5/22/2021 14:06', '') to 02-food-A
2023-10-01 10:51:57,057.bbq_producer.INFO  [x] Sent ('5/22/2021 14:06', '') to 02-food-B
2023-10-01 10:52:27,069.bbq_producer.INFO  [x] Sent ('5/22/2021 14:06', '') to 01-smoker
2023-10-01 10:52:27,071.bbq_producer.INFO  [x] Sent ('5/22/2021 14:06', '50.5') to 02-food-A
2023-10-01 10:52:27,074.bbq_producer.INFO  [x] Sent ('5/22/2021 14:06', '') to 02-food-B
2023-10-01 10:52:57,082.bbq_producer.INFO  [x] Sent ('5/22/2021 14:06', '') to 01-smoker
2023-10-01 10:52:57,089.bbq_producer.INFO  [x] Sent ('5/22/2021 14:06', '50.5') to 02-food-A
2023-10-01 10:52:57,090.bbq_producer.INFO  [x] Sent ('5/22/2021 14:06', '41.9') to 02-food-B
2023-10-01 10:53:27,098.bbq_producer.INFO  [x] Sent ('5/22/2021 14:06', '') to 01-smoker
2023-10-01 10:53:27,103.bbq_producer.INFO  [x] Sent ('5/22/2021 14:06', '') to 02-food-A
2023-10-01 10:53:27,107.bbq_producer.INFO  [x] Sent ('5/22/2021 14:06', '41.9') to 02-food-B
2023-10-01 10:53:57,113.bbq_producer.INFO  [x] Sent ('5/22/2021 14:07', '242.3') to 01-smoker
2023-10-01 10:53:57,116.bbq_producer.INFO  [x] Sent ('5/22/2021 14:07', '') to 02-food-A
2023-10-01 10:53:57,119.bbq_producer.INFO  [x] Sent ('5/22/2021 14:07', '') to 02-food-B
2023-10-01 10:54:27,124.bbq_producer.INFO  [x] Sent ('5/22/2021 14:07', '242.3') to 01-smoker
2023-10-01 10:54:27,126.bbq_producer.INFO  [x] Sent ('5/22/2021 14:07', '') to 02-food-A
2023-10-01 10:54:27,128.bbq_producer.INFO  [x] Sent ('5/22/2021 14:07', '') to 02-food-B
2023-10-01 10:54:57,152.bbq_producer.INFO  [x] Sent ('5/22/2021 14:07', '') to 01-smoker
2023-10-01 10:54:57,173.bbq_producer.INFO  [x] Sent ('5/22/2021 14:07', '51.8') to 02-food-A
2023-10-01 10:54:57,206.bbq_producer.INFO  [x] Sent ('5/22/2021 14:07', '') to 02-food-B
2023-10-01 10:55:27,296.bbq_producer.INFO  [x] Sent ('5/22/2021 14:07', '') to 01-smoker
2023-10-01 10:55:27,297.bbq_producer.INFO  [x] Sent ('5/22/2021 14:07', '51.8') to 02-food-A
2023-10-01 10:55:27,298.bbq_producer.INFO  [x] Sent ('5/22/2021 14:07', '42.7') to 02-food-B
2023-10-01 10:55:57,308.bbq_producer.INFO  [x] Sent ('5/22/2021 14:07', '') to 01-smoker
2023-10-01 10:55:57,311.bbq_producer.INFO  [x] Sent ('5/22/2021 14:07', '') to 02-food-A
2023-10-01 10:55:57,315.bbq_producer.INFO  [x] Sent ('5/22/2021 14:07', '42.7') to 02-food-B
2023-10-01 10:56:27,348.bbq_producer.INFO  [x] Sent ('5/22/2021 14:08', '243.4') to 01-smoker
2023-10-01 10:56:27,471.bbq_producer.INFO  [x] Sent ('5/22/2021 14:08', '') to 02-food-A
2023-10-01 10:56:27,523.bbq_producer.INFO  [x] Sent ('5/22/2021 14:08', '') to 02-food-B
2023-10-01 10:56:57,582.bbq_producer.INFO  [x] Sent ('5/22/2021 14:08', '243.4') to 01-smoker
2023-10-01 10:56:57,585.bbq_producer.INFO  [x] Sent ('5/22/2021 14:08', '') to 02-food-A
2023-10-01 10:56:57,587.bbq_producer.INFO  [x] Sent ('5/22/2021 14:08', '') to 02-food-B
2023-10-01 10:57:27,599.bbq_producer.INFO  [x] Sent ('5/22/2021 14:08', '') to 01-smoker
2023-10-01 10:57:27,601.bbq_producer.INFO  [x] Sent ('5/22/2021 14:08', '52.9') to 02-food-A
2023-10-01 10:57:27,603.bbq_producer.INFO  [x] Sent ('5/22/2021 14:08', '') to 02-food-B
2023-10-01 10:57:57,621.bbq_producer.INFO  [x] Sent ('5/22/2021 14:08', '') to 01-smoker
2023-10-01 10:57:57,623.bbq_producer.INFO  [x] Sent ('5/22/2021 14:08', '52.9') to 02-food-A
2023-10-01 10:57:57,627.bbq_producer.INFO  [x] Sent ('5/22/2021 14:08', '43.4') to 02-food-B
2023-10-01 10:58:27,639.bbq_producer.INFO  [x] Sent ('5/22/2021 14:08', '') to 01-smoker
2023-10-01 10:58:27,641.bbq_producer.INFO  [x] Sent ('5/22/2021 14:08', '') to 02-food-A
2023-10-01 10:58:27,643.bbq_producer.INFO  [x] Sent ('5/22/2021 14:08', '43.4') to 02-food-B
2023-10-01 10:58:57,668.bbq_producer.INFO  [x] Sent ('5/22/2021 14:09', '242.5') to 01-smoker
2023-10-01 10:58:57,768.bbq_producer.INFO  [x] Sent ('5/22/2021 14:09', '') to 02-food-A
2023-10-01 10:58:57,816.bbq_producer.INFO  [x] Sent ('5/22/2021 14:09', '') to 02-food-B
2023-10-01 10:59:27,858.bbq_producer.INFO  [x] Sent ('5/22/2021 14:09', '242.5') to 01-smoker
2023-10-01 10:59:27,859.bbq_producer.INFO  [x] Sent ('5/22/2021 14:09', '') to 02-food-A
2023-10-01 10:59:27,863.bbq_producer.INFO  [x] Sent ('5/22/2021 14:09', '') to 02-food-B
2023-10-01 10:59:57,925.bbq_producer.INFO  [x] Sent ('5/22/2021 14:09', '') to 01-smoker
2023-10-01 10:59:57,931.bbq_producer.INFO  [x] Sent ('5/22/2021 14:09', '54.2') to 02-food-A
2023-10-01 10:59:57,932.bbq_producer.INFO  [x] Sent ('5/22/2021 14:09', '') to 02-food-B
2023-10-01 11:00:27,958.bbq_producer.INFO  [x] Sent ('5/22/2021 14:09', '') to 01-smoker
2023-10-01 11:00:27,959.bbq_producer.INFO  [x] Sent ('5/22/2021 14:09', '54.2') to 02-food-A
2023-10-01 11:00:27,961.bbq_producer.INFO  [x] Sent ('5/22/2021 14:09', '44.3') to 02-food-B
2023-10-01 11:00:57,968.bbq_producer.INFO  [x] Sent ('5/22/2021 14:09', '') to 01-smoker
2023-10-01 11:00:57,971.bbq_producer.INFO  [x] Sent ('5/22/2021 14:09', '') to 02-food-A
2023-10-01 11:00:57,974.bbq_producer.INFO  [x] Sent ('5/22/2021 14:09', '44.3') to 02-food-B
2023-10-01 11:01:27,992.bbq_producer.INFO  [x] Sent ('5/22/2021 14:10', '242.1') to 01-smoker
2023-10-01 11:01:27,995.bbq_producer.INFO  [x] Sent ('5/22/2021 14:10', '') to 02-food-A
2023-10-01 11:01:27,997.bbq_producer.INFO  [x] Sent ('5/22/2021 14:10', '') to 02-food-B
2023-10-01 11:01:58,062.bbq_producer.INFO  [x] Sent ('5/22/2021 14:10', '242.1') to 01-smoker
2023-10-01 11:01:58,140.bbq_producer.INFO  [x] Sent ('5/22/2021 14:10', '') to 02-food-A
2023-10-01 11:01:58,579.bbq_producer.INFO  [x] Sent ('5/22/2021 14:10', '') to 02-food-B
2023-10-01 11:02:28,829.bbq_producer.INFO  [x] Sent ('5/22/2021 14:10', '') to 01-smoker
2023-10-01 11:02:28,873.bbq_producer.INFO  [x] Sent ('5/22/2021 14:10', '55.6') to 02-food-A
2023-10-01 11:02:29,067.bbq_producer.INFO  [x] Sent ('5/22/2021 14:10', '') to 02-food-B
2023-10-01 11:32:26,353.bbq_producer.INFO  [x] Sent ('5/22/2021 14:10', '') to 01-smoker
2023-10-01 11:32:26,625.bbq_producer.INFO  [x] Sent ('5/22/2021 14:10', '55.6') to 02-food-A
2023-10-01 11:32:27,450.bbq_producer.INFO  [x] Sent ('5/22/2021 14:10', '45.4') to 02-food-B
2023-10-01 11:32:58,010.bbq_producer.INFO  [x] Sent ('5/22/2021 14:10', '') to 01-smoker
2023-10-01 11:32:58,149.bbq_producer.INFO  [x] Sent ('5/22/2021 14:10', '') to 02-food-A
2023-10-01 11:32:58,362.bbq_producer.INFO  [x] Sent ('5/22/2021 14:10', '45.4') to 02-food-B
2023-10-01 11:33:28,639.bbq_producer.INFO  [x] Sent ('5/22/2021 14:11', '243.3') to 01-smoker
2023-10-01 11:33:28,645.bbq_producer.INFO  [x] Sent ('5/22/2021 14:11', '') to 02-food-A
2023-10-01 11:33:28,653.bbq_producer.INFO  [x] Sent ('5/22/2021 14:11', '') to 02-food-B
2023-10-01 11:33:58,688.bbq_producer.INFO  [x] Sent ('5/22/2021 14:11', '243.3') to 01-smoker
2023-10-01 11:33:58,694.bbq_producer.INFO  [x] Sent ('5/22/2021 14:11', '') to 02-food-A
2023-10-01 11:33:58,699.bbq_producer.INFO  [x] Sent ('5/22/2021 14:11', '') to 02-food-B
2023-10-01 11:34:28,713.bbq_producer.INFO  [x] Sent ('5/22/2021 14:11', '') to 01-smoker
2023-10-01 11:34:28,715.bbq_producer.INFO  [x] Sent ('5/22/2021 14:11', '56.8') to 02-food-A
2023-10-01 11:34:28,766.bbq_producer.INFO  [x] Sent ('5/22/2021 14:11', '') to 02-food-B
2023-10-01 11:34:58,801.bbq_producer.INFO  [x] Sent ('5/22/2021 14:11', '') to 01-smoker
2023-10-01 11:34:58,804.bbq_producer.INFO  [x] Sent ('5/22/2021 14:11', '56.8') to 02-food-A
2023-10-01 11:34:58,811.bbq_producer.INFO  [x] Sent ('5/22/2021 14:11', '46.1') to 02-food-B
2023-10-01 11:35:28,829.bbq_producer.INFO  [x] Sent ('5/22/2021 14:11', '') to 01-smoker
2023-10-01 11:35:28,831.bbq_producer.INFO  [x] Sent ('5/22/2021 14:11', '') to 02-food-A
2023-10-01 11:35:28,834.bbq_producer.INFO  [x] Sent ('5/22/2021 14:11', '46.1') to 02-food-B
2023-10-01 11:35:58,911.bbq_producer.INFO  [x] Sent ('5/22/2021 14:12', '244') to 01-smoker
2023-10-01 11:35:59,048.bbq_producer.INFO  [x] Sent ('5/22/2021 14:12', '') to 02-food-A
2023-10-01 11:35:59,211.bbq_producer.INFO  [x] Sent ('5/22/2021 14:12', '') to 02-food-B
2023-10-01 11:36:29,343.bbq_producer.INFO  [x] Sent ('5/22/2021 14:12', '244') to 01-smoker
2023-10-01 11:36:29,344.bbq_producer.INFO  [x] Sent ('5/22/2021 14:12', '') to 02-food-A
2023-10-01 11:36:29,348.bbq_producer.INFO  [x] Sent ('5/22/2021 14:12', '') to 02-food-B
2023-10-01 11:36:59,360.bbq_producer.INFO  [x] Sent ('5/22/2021 14:12', '') to 01-smoker
2023-10-01 11:36:59,393.bbq_producer.INFO  [x] Sent ('5/22/2021 14:12', '58.2') to 02-food-A
2023-10-01 11:36:59,419.bbq_producer.INFO  [x] Sent ('5/22/2021 14:12', '') to 02-food-B
2023-10-01 11:37:29,430.bbq_producer.INFO  [x] Sent ('5/22/2021 14:12', '') to 01-smoker
2023-10-01 11:37:29,434.bbq_producer.INFO  [x] Sent ('5/22/2021 14:12', '58.2') to 02-food-A
2023-10-01 11:37:29,437.bbq_producer.INFO  [x] Sent ('5/22/2021 14:12', '47.1') to 02-food-B
2023-10-01 11:37:59,530.bbq_producer.INFO  [x] Sent ('5/22/2021 14:12', '') to 01-smoker
2023-10-01 11:37:59,674.bbq_producer.INFO  [x] Sent ('5/22/2021 14:12', '') to 02-food-A
2023-10-01 11:37:59,752.bbq_producer.INFO  [x] Sent ('5/22/2021 14:12', '47.1') to 02-food-B
2023-10-01 11:38:29,831.bbq_producer.INFO  [x] Sent ('5/22/2021 14:13', '244.3') to 01-smoker
2023-10-01 11:38:29,848.bbq_producer.INFO  [x] Sent ('5/22/2021 14:13', '') to 02-food-A
2023-10-01 11:38:29,914.bbq_producer.INFO  [x] Sent ('5/22/2021 14:13', '') to 02-food-B
2023-10-01 11:39:00,019.bbq_producer.INFO  [x] Sent ('5/22/2021 14:13', '244.3') to 01-smoker
2023-10-01 11:39:00,130.bbq_producer.INFO  [x] Sent ('5/22/2021 14:13', '') to 02-food-A
2023-10-01 11:39:00,251.bbq_producer.INFO  [x] Sent ('5/22/2021 14:13', '') to 02-food-B
2023-10-01 11:39:30,419.bbq_producer.INFO  [x] Sent ('5/22/2021 14:13', '') to 01-smoker
2023-10-01 11:39:30,501.bbq_producer.INFO  [x] Sent ('5/22/2021 14:13', '59.4') to 02-food-A
2023-10-01 11:39:30,616.bbq_producer.INFO  [x] Sent ('5/22/2021 14:13', '') to 02-food-B
2023-10-01 11:40:00,682.bbq_producer.INFO  [x] Sent ('5/22/2021 14:13', '') to 01-smoker
2023-10-01 11:40:00,710.bbq_producer.INFO  [x] Sent ('5/22/2021 14:13', '59.4') to 02-food-A
2023-10-01 11:40:00,716.bbq_producer.INFO  [x] Sent ('5/22/2021 14:13', '48.1') to 02-food-B
2023-10-01 11:40:30,764.bbq_producer.INFO  [x] Sent ('5/22/2021 14:13', '') to 01-smoker
2023-10-01 11:40:30,802.bbq_producer.INFO  [x] Sent ('5/22/2021 14:13', '') to 02-food-A
2023-10-01 11:40:30,846.bbq_producer.INFO  [x] Sent ('5/22/2021 14:13', '48.1') to 02-food-B
2023-10-01 11:41:00,879.bbq_producer.INFO  [x] Sent ('5/22/2021 14:14', '244.7') to 01-smoker
2023-10-01 11:41:00,892.bbq_producer.INFO  [x] Sent ('5/22/2021 14:14', '') to 02-food-A
2023-10-01 11:41:00,895.bbq_producer.INFO  [x] Sent ('5/22/2021 14:14', '') to 02-food-B
2023-10-01 11:41:30,897.bbq_producer.INFO  [x] Sent ('5/22/2021 14:14', '244.7') to 01-smoker
2023-10-01 11:41:30,901.bbq_producer.INFO  [x] Sent ('5/22/2021 14:14', '') to 02-food-A
2023-10-01 11:41:30,907.bbq_producer.INFO  [x] Sent ('5/22/2021 14:14', '') to 02-food-B
2023-10-01 11:42:00,920.bbq_producer.INFO  [x] Sent ('5/22/2021 14:14', '') to 01-smoker
2023-10-01 11:42:00,991.bbq_producer.INFO  [x] Sent ('5/22/2021 14:14', '60.7') to 02-food-A
2023-10-01 11:42:01,033.bbq_producer.INFO  [x] Sent ('5/22/2021 14:14', '') to 02-food-B
2023-10-01 14:20:46,831.bbq_producer.INFO  [x] Sent ('5/22/2021 14:14', '') to 01-smoker
2023-10-01 14:20:46,832.bbq_producer.INFO  [x] Sent ('5/22/2021 14:14', '60.7') to 02-food-A
2023-10-01 14:20:46,833.bbq_producer.INFO  [x] Sent ('5/22/2021 14:14', '49.1') to 02-food-B
2023-10-01 14:21:18,165.bbq_producer.INFO  [x] Sent ('5/22/2021 14:14', '') to 01-smoker
2023-10-01 14:21:18,489.bbq_producer.INFO  [x] Sent ('5/22/2021 14:14', '') to 02-food-A
2023-10-01 14:21:19,120.bbq_producer.INFO  [x] Sent ('5/22/2021 14:14', '49.1') to 02-food-B
2023-10-01 14:21:49,648.bbq_producer.INFO  [x] Sent ('5/22/2021 14:15', '245.2') to 01-smoker
2023-10-01 14:21:49,915.bbq_producer.INFO  [x] Sent ('5/22/2021 14:15', '') to 02-food-A
2023-10-01 14:21:50,113.bbq_producer.INFO  [x] Sent ('5/22/2021 14:15', '') to 02-food-B
2023-10-01 14:22:20,508.bbq_producer.INFO  [x] Sent ('5/22/2021 14:15', '245.2') to 01-smoker
2023-10-01 14:22:20,806.bbq_producer.INFO  [x] Sent ('5/22/2021 14:15', '') to 02-food-A
2023-10-01 14:22:20,990.bbq_producer.INFO  [x] Sent ('5/22/2021 14:15', '') to 02-food-B
2023-10-01 14:22:51,369.bbq_producer.INFO  [x] Sent ('5/22/2021 14:15', '') to 01-smoker
2023-10-01 14:22:51,558.bbq_producer.INFO  [x] Sent ('5/22/2021 14:15', '62.1') to 02-food-A
2023-10-01 14:22:51,685.bbq_producer.INFO  [x] Sent ('5/22/2021 14:15', '') to 02-food-B
2023-10-01 14:23:21,946.bbq_producer.INFO  [x] Sent ('5/22/2021 14:15', '') to 01-smoker
2023-10-01 14:23:21,958.bbq_producer.INFO  [x] Sent ('5/22/2021 14:15', '62.1') to 02-food-A
2023-10-01 14:23:21,962.bbq_producer.INFO  [x] Sent ('5/22/2021 14:15', '50.2') to 02-food-B
2023-10-01 14:23:52,112.bbq_producer.INFO  [x] Sent ('5/22/2021 14:15', '') to 01-smoker
2023-10-01 14:23:52,150.bbq_producer.INFO  [x] Sent ('5/22/2021 14:15', '') to 02-food-A
2023-10-01 14:23:52,155.bbq_producer.INFO  [x] Sent ('5/22/2021 14:15', '50.2') to 02-food-B
2023-10-01 14:24:22,379.bbq_producer.INFO  [x] Sent ('5/22/2021 14:16', '244.8') to 01-smoker
2023-10-01 14:24:22,597.bbq_producer.INFO  [x] Sent ('5/22/2021 14:16', '') to 02-food-A
2023-10-01 14:24:23,181.bbq_producer.INFO  [x] Sent ('5/22/2021 14:16', '') to 02-food-B
2023-10-01 14:24:54,160.bbq_producer.INFO  [x] Sent ('5/22/2021 14:16', '244.8') to 01-smoker
2023-10-01 14:24:54,215.bbq_producer.INFO  [x] Sent ('5/22/2021 14:16', '') to 02-food-A
2023-10-01 14:24:54,265.bbq_producer.INFO  [x] Sent ('5/22/2021 14:16', '') to 02-food-B
2023-10-01 14:25:24,398.bbq_producer.INFO  [x] Sent ('5/22/2021 14:16', '') to 01-smoker
2023-10-01 14:25:24,633.bbq_producer.INFO  [x] Sent ('5/22/2021 14:16', '63.3') to 02-food-A
2023-10-01 14:25:24,792.bbq_producer.INFO  [x] Sent ('5/22/2021 14:16', '') to 02-food-B
2023-10-01 14:25:55,043.bbq_producer.INFO  [x] Sent ('5/22/2021 14:16', '') to 01-smoker
2023-10-01 14:25:55,350.bbq_producer.INFO  [x] Sent ('5/22/2021 14:16', '63.3') to 02-food-A
2023-10-01 14:25:55,683.bbq_producer.INFO  [x] Sent ('5/22/2021 14:16', '51.2') to 02-food-B
2023-10-01 14:26:26,182.bbq_producer.INFO  [x] Sent ('5/22/2021 14:16', '') to 01-smoker
2023-10-01 14:26:26,278.bbq_producer.INFO  [x] Sent ('5/22/2021 14:16', '') to 02-food-A
2023-10-01 14:26:26,401.bbq_producer.INFO  [x] Sent ('5/22/2021 14:16', '51.2') to 02-food-B
2023-10-01 14:26:56,528.bbq_producer.INFO  [x] Sent ('5/22/2021 14:17', '245.3') to 01-smoker
2023-10-01 14:26:56,669.bbq_producer.INFO  [x] Sent ('5/22/2021 14:17', '') to 02-food-A
2023-10-01 14:26:56,812.bbq_producer.INFO  [x] Sent ('5/22/2021 14:17', '') to 02-food-B
2023-10-01 14:27:26,971.bbq_producer.INFO  [x] Sent ('5/22/2021 14:17', '245.3') to 01-smoker
2023-10-01 14:27:27,277.bbq_producer.INFO  [x] Sent ('5/22/2021 14:17', '') to 02-food-A
2023-10-01 14:27:27,617.bbq_producer.INFO  [x] Sent ('5/22/2021 14:17', '') to 02-food-B
2023-10-01 14:27:57,884.bbq_producer.INFO  [x] Sent ('5/22/2021 14:17', '') to 01-smoker
2023-10-01 14:27:57,902.bbq_producer.INFO  [x] Sent ('5/22/2021 14:17', '64.5') to 02-food-A
2023-10-01 14:27:57,904.bbq_producer.INFO  [x] Sent ('5/22/2021 14:17', '') to 02-food-B
2023-10-01 14:28:28,085.bbq_producer.INFO  [x] Sent ('5/22/2021 14:17', '') to 01-smoker
2023-10-01 14:28:28,255.bbq_producer.INFO  [x] Sent ('5/22/2021 14:17', '64.5') to 02-food-A
2023-10-01 14:28:28,575.bbq_producer.INFO  [x] Sent ('5/22/2021 14:17', '52.3') to 02-food-B
2023-10-01 14:28:59,035.bbq_producer.INFO  [x] Sent ('5/22/2021 14:17', '') to 01-smoker
2023-10-01 14:28:59,262.bbq_producer.INFO  [x] Sent ('5/22/2021 14:17', '') to 02-food-A
2023-10-01 14:28:59,531.bbq_producer.INFO  [x] Sent ('5/22/2021 14:17', '52.3') to 02-food-B
2023-10-01 14:29:29,886.bbq_producer.INFO  [x] Sent ('5/22/2021 14:18', '246.1') to 01-smoker
2023-10-01 14:29:30,179.bbq_producer.INFO  [x] Sent ('5/22/2021 14:18', '') to 02-food-A
2023-10-01 14:29:30,351.bbq_producer.INFO  [x] Sent ('5/22/2021 14:18', '') to 02-food-B
2023-10-01 14:30:00,419.bbq_producer.INFO  [x] Sent ('5/22/2021 14:18', '246.1') to 01-smoker
2023-10-01 14:30:00,491.bbq_producer.INFO  [x] Sent ('5/22/2021 14:18', '') to 02-food-A
2023-10-01 14:30:00,584.bbq_producer.INFO  [x] Sent ('5/22/2021 14:18', '') to 02-food-B
2023-10-01 14:30:30,727.bbq_producer.INFO  [x] Sent ('5/22/2021 14:18', '') to 01-smoker
2023-10-01 14:30:30,941.bbq_producer.INFO  [x] Sent ('5/22/2021 14:18', '65.6') to 02-food-A
2023-10-01 14:30:31,197.bbq_producer.INFO  [x] Sent ('5/22/2021 14:18', '') to 02-food-B
2023-10-01 14:31:01,573.bbq_producer.INFO  [x] Sent ('5/22/2021 14:18', '') to 01-smoker
2023-10-01 14:31:01,661.bbq_producer.INFO  [x] Sent ('5/22/2021 14:18', '65.6') to 02-food-A
2023-10-01 14:31:01,763.bbq_producer.INFO  [x] Sent ('5/22/2021 14:18', '53.3') to 02-food-B
2023-10-01 14:31:32,085.bbq_producer.INFO  [x] Sent ('5/22/2021 14:18', '') to 01-smoker
2023-10-01 14:31:32,277.bbq_producer.INFO  [x] Sent ('5/22/2021 14:18', '') to 02-food-A
2023-10-01 14:31:32,439.bbq_producer.INFO  [x] Sent ('5/22/2021 14:18', '53.3') to 02-food-B
2023-10-01 14:32:02,673.bbq_producer.INFO  [x] Sent ('5/22/2021 14:19', '247.7') to 01-smoker
2023-10-01 14:32:02,724.bbq_producer.INFO  [x] Sent ('5/22/2021 14:19', '') to 02-food-A
2023-10-01 14:32:02,765.bbq_producer.INFO  [x] Sent ('5/22/2021 14:19', '') to 02-food-B
2023-10-01 14:32:32,883.bbq_producer.INFO  [x] Sent ('5/22/2021 14:19', '247.7') to 01-smoker
2023-10-01 14:32:33,071.bbq_producer.INFO  [x] Sent ('5/22/2021 14:19', '') to 02-food-A
2023-10-01 14:32:33,304.bbq_producer.INFO  [x] Sent ('5/22/2021 14:19', '') to 02-food-B
2023-10-01 14:33:03,876.bbq_producer.INFO  [x] Sent ('5/22/2021 14:19', '') to 01-smoker
2023-10-01 14:33:04,115.bbq_producer.INFO  [x] Sent ('5/22/2021 14:19', '66.9') to 02-food-A
2023-10-01 14:33:04,455.bbq_producer.INFO  [x] Sent ('5/22/2021 14:19', '') to 02-food-B
2023-10-01 14:33:34,519.bbq_producer.INFO  [x] Sent ('5/22/2021 14:19', '') to 01-smoker
2023-10-01 14:33:34,578.bbq_producer.INFO  [x] Sent ('5/22/2021 14:19', '66.9') to 02-food-A
2023-10-01 14:33:34,627.bbq_producer.INFO  [x] Sent ('5/22/2021 14:19', '54.4') to 02-food-B
2023-10-01 14:34:04,708.bbq_producer.INFO  [x] Sent ('5/22/2021 14:19', '') to 01-smoker
2023-10-01 14:34:04,729.bbq_producer.INFO  [x] Sent ('5/22/2021 14:19', '') to 02-food-A
2023-10-01 14:34:04,750.bbq_producer.INFO  [x] Sent ('5/22/2021 14:19', '54.4') to 02-food-B
